Unity Editor version:    2020.3.27f1 (e759542391ea)
Branch:                  2020.3/release
Build type:              Release
Batch mode:              YES
macOS version:           Version 11.6.5 (Build 20G527)
Darwin version:          20.6.0
Architecture:            x86_64
Running under Rosetta:   NO
Available memory:        16384 MB
Using pre-set license
Pro License: NO

COMMAND LINE ARGUMENTS:
/Applications/2020.3.27f1/Unity.app/Contents/MacOS/Unity
-adb2
-batchMode
-noUpm
-name
AssetImportWorker0
-projectPath
/Users/game5/Project-G
-logFile
Logs/AssetImportWorker0.log
-srvPort
54044
Successfully changed project path to: /Users/game5/Project-G
/Users/game5/Project-G
Using Asset Import Pipeline V2.
Refreshing native plugins compatible for Editor in 40.00 ms, found 3 plugins.
Preloading 0 native plugins for Editor in 0.00 ms.
Initialize engine version: 2020.3.27f1 (e759542391ea)
[Subsystems] Discovering subsystems at path /Applications/2020.3.27f1/Unity.app/Contents/Resources/UnitySubsystems
[Subsystems] Discovering subsystems at path /Users/game5/Project-G/Assets
GfxDevice: creating device client; threaded=0
2023-11-03 12:56:06.481 Unity[6583:241881] iMac preferred device: AMD Radeon Pro 5500 XT (high power)
2023-11-03 12:56:06.481 Unity[6583:241881] Metal devices available: 1
2023-11-03 12:56:06.481 Unity[6583:241881] 0: AMD Radeon Pro 5500 XT (high power)
2023-11-03 12:56:06.482 Unity[6583:241881] Using device AMD Radeon Pro 5500 XT (high power)
Initializing Metal device caps: AMD Radeon Pro 5500 XT
Initialize mono
Mono path[0] = '/Applications/2020.3.27f1/Unity.app/Contents/Managed'
Mono path[1] = '/Applications/2020.3.27f1/Unity.app/Contents/MonoBleedingEdge/lib/mono/unityjit'
Mono config path = '/Applications/2020.3.27f1/Unity.app/Contents/MonoBleedingEdge/etc'
Using monoOptions --debugger-agent=transport=dt_socket,embedding=1,server=y,suspend=n,address=127.0.0.1:56583
Begin MonoManager ReloadAssembly
Registering precompiled unity dll's ...
Register platform support module: /Applications/2020.3.27f1/Unity.app/Contents/PlaybackEngines/MacStandaloneSupport/UnityEditor.OSXStandalone.Extensions.dll
Registered in 0.000429 seconds.
Native extension for OSXStandalone target not found
Refreshing native plugins compatible for Editor in 35.32 ms, found 3 plugins.
Preloading 0 native plugins for Editor in 0.00 ms.
Mono: successfully reloaded assembly
- Completed reload, in  0.525 seconds
Domain Reload Profiling:
	ReloadAssembly (525ms)
		BeginReloadAssembly (38ms)
			ExecutionOrderSort (0ms)
			DisableScriptedObjects (0ms)
			BackupInstance (0ms)
			ReleaseScriptingObjects (0ms)
			CreateAndSetChildDomain (1ms)
		EndReloadAssembly (423ms)
			LoadAssemblies (37ms)
			RebuildTransferFunctionScriptingTraits (0ms)
			SetupTypeCache (155ms)
			ReleaseScriptCaches (0ms)
			RebuildScriptCaches (33ms)
			SetupLoadedEditorAssemblies (162ms)
				LogAssemblyErrors (0ms)
				InitializePlatformSupportModulesInManaged (4ms)
				SetLoadedEditorAssemblies (0ms)
				RefreshPlugins (35ms)
				BeforeProcessingInitializeOnLoad (7ms)
				ProcessInitializeOnLoadAttributes (91ms)
				ProcessInitializeOnLoadMethodAttributes (25ms)
				AfterProcessingInitializeOnLoad (0ms)
				EditorAssembliesLoaded (0ms)
			ExecutionOrderSort2 (0ms)
			AwakeInstancesAfterBackupRestoration (0ms)
Platform modules already initialized, skipping
Registering precompiled user dll's ...
Registered in 0.001794 seconds.
Begin MonoManager ReloadAssembly
Native extension for OSXStandalone target not found
Refreshing native plugins compatible for Editor in 35.53 ms, found 3 plugins.
Preloading 0 native plugins for Editor in 0.00 ms.
Mono: successfully reloaded assembly
- Completed reload, in  1.010 seconds
Domain Reload Profiling:
	ReloadAssembly (1010ms)
		BeginReloadAssembly (133ms)
			ExecutionOrderSort (0ms)
			DisableScriptedObjects (5ms)
			BackupInstance (0ms)
			ReleaseScriptingObjects (0ms)
			CreateAndSetChildDomain (25ms)
		EndReloadAssembly (821ms)
			LoadAssemblies (65ms)
			RebuildTransferFunctionScriptingTraits (0ms)
			SetupTypeCache (307ms)
			ReleaseScriptCaches (0ms)
			RebuildScriptCaches (50ms)
			SetupLoadedEditorAssemblies (288ms)
				LogAssemblyErrors (0ms)
				InitializePlatformSupportModulesInManaged (3ms)
				SetLoadedEditorAssemblies (0ms)
				RefreshPlugins (36ms)
				BeforeProcessingInitializeOnLoad (49ms)
				ProcessInitializeOnLoadAttributes (184ms)
				ProcessInitializeOnLoadMethodAttributes (14ms)
				AfterProcessingInitializeOnLoad (1ms)
				EditorAssembliesLoaded (0ms)
			ExecutionOrderSort2 (0ms)
			AwakeInstancesAfterBackupRestoration (6ms)
Platform modules already initialized, skipping
Validating Project structure ... 0.002101 seconds.
Shader import version has changed; will reimport all shaders...
Upgrading shader files ...0.014375 seconds.
Application.AssetDatabase Initial Script Refresh Start
RefreshInfo: InitialScriptRefreshV2(NoUpdateAssetOptions) scanfilter:  ... 1 filters
RefreshProfiler: Total: 0.000ms
Application.AssetDatabase Initial Script Refresh End
Application.AssetDatabase.Refresh Start
Application.AssetDatabase.Refresh End
RefreshInfo: StopAssetImportingV2(ForceSynchronousImport) scanfilter: 
RefreshProfiler: Total: 0.000ms
Launching external process: /Applications/2020.3.27f1/Unity.app/Contents/Tools/UnityShaderCompiler
Launched and connected shader compiler UnityShaderCompiler after 0.01 seconds
Initializing Unity extensions:
========================================================================
Worker process is ready to serve import requests
Refreshing native plugins compatible for Editor in 0.43 ms, found 3 plugins.
Preloading 0 native plugins for Editor in 0.00 ms.
Unloading 2218 Unused Serialized files (Serialized files now loaded: 0)
System memory in use before: 215.5 MB.
System memory in use after: 214.6 MB.

Unloading 114 unused Assets to reduce memory usage. Loaded Objects now: 2686.
Total: 2.962441 ms (FindLiveObjects: 0.171222 ms CreateObjectMapping: 0.087991 ms MarkObjects: 2.249677 ms  DeleteObjects: 0.452793 ms)

AssetImportParameters requested are different than current active one (requested -> active):
  custom:video-decoder-ogg-theora: a1e56fd34408186e4bbccfd4996cb3dc -> 
  custom:container-muxer-webm: aa71ff27fc2769a1b78a27578f13a17b -> 
  custom:container-demuxer-webm: 4f35f7cbe854078d1ac9338744f61a02 -> 
  custom:container-demuxer-ogg: 62fdf1f143b41e24485cea50d1cbac27 -> 
  custom:video-encoder-webm-vp8: eb34c28f22e8b96e1ab97ce403110664 -> 
  custom:framework-osx-AVFoundation: e770b220cccbd017edd2c1fefb359320 -> 
  custom:video-decoder-webm-vp8: 9c59270c3fd7afecdb556c50c9e8de78 -> 
  custom:audio-decoder-ogg-vorbis: bf7c407c2cedff20999df2af8eb42d56 -> 
  custom:audio-encoder-webm-vorbis: bf7c407c2cedff20999df2af8eb42d56 -> 
========================================================================
Received Import Request.
  path: Assets/MINE/Art/sheet_54.asset
  artifactKey: Guid(69f103641ca7646059529e0ef66bd3f4) Importer(815301076,1909f56bfc062723c751e8b465ee728b)
Start importing Assets/MINE/Art/sheet_54.asset using Guid(69f103641ca7646059529e0ef66bd3f4) Importer(815301076,1909f56bfc062723c751e8b465ee728b)  -> (artifact id: '2c66e123b793b26a767fcabf3c6479b6') in 1.006076 seconds 
  Import took 1.012917 seconds .

========================================================================
Received Import Request.
  Time since last request: 0.000423 seconds.
  path: Assets/MINE/Art/sheet_51.asset
  artifactKey: Guid(631c403e6a42042149794049edd0c03d) Importer(815301076,1909f56bfc062723c751e8b465ee728b)
Start importing Assets/MINE/Art/sheet_51.asset using Guid(631c403e6a42042149794049edd0c03d) Importer(815301076,1909f56bfc062723c751e8b465ee728b)  -> (artifact id: 'f3f6188ce1bff476cc25c780d9e0dfa1') in 0.039891 seconds 
  Import took 0.043802 seconds .

========================================================================
Received Import Request.
  Time since last request: 0.000163 seconds.
  path: Assets/MINE/Art/sheet_13.asset
  artifactKey: Guid(977a077fa91b74f5399c40e0d762de87) Importer(815301076,1909f56bfc062723c751e8b465ee728b)
Start importing Assets/MINE/Art/sheet_13.asset using Guid(977a077fa91b74f5399c40e0d762de87) Importer(815301076,1909f56bfc062723c751e8b465ee728b)  -> (artifact id: '039eeba5fbc7b6ce71ef70bc7ae3fd78') in 0.134320 seconds 
  Import took 0.138681 seconds .

========================================================================
Received Import Request.
  Time since last request: 0.000247 seconds.
  path: Assets/MINE/Art/sheet_11.asset
  artifactKey: Guid(0402cd475c8a54f96b3fedd76bce5510) Importer(815301076,1909f56bfc062723c751e8b465ee728b)
Start importing Assets/MINE/Art/sheet_11.asset using Guid(0402cd475c8a54f96b3fedd76bce5510) Importer(815301076,1909f56bfc062723c751e8b465ee728b)  -> (artifact id: '9c399b31aec6de4f32b015c67cd81670') in 0.023871 seconds 
  Import took 0.027652 seconds .

========================================================================
Received Import Request.
  Time since last request: 0.000227 seconds.
  path: Assets/MINE/Art/sheet_27.asset
  artifactKey: Guid(ae0c37030239444ac89e8cdad5dd5655) Importer(815301076,1909f56bfc062723c751e8b465ee728b)
Start importing Assets/MINE/Art/sheet_27.asset using Guid(ae0c37030239444ac89e8cdad5dd5655) Importer(815301076,1909f56bfc062723c751e8b465ee728b)  -> (artifact id: '26089b7b0b3eff34fda1c7ad90aacfc7') in 0.078977 seconds 
  Import took 0.082810 seconds .

========================================================================
Received Import Request.
  Time since last request: 0.000503 seconds.
  path: Assets/MINE/Art/sheet_29.asset
  artifactKey: Guid(9e6709ec75cc2426fbc0467443dec14b) Importer(815301076,1909f56bfc062723c751e8b465ee728b)
Start importing Assets/MINE/Art/sheet_29.asset using Guid(9e6709ec75cc2426fbc0467443dec14b) Importer(815301076,1909f56bfc062723c751e8b465ee728b)  -> (artifact id: 'b1e381bb5df98edfb44e31c6a6b80b3d') in 0.129510 seconds 
  Import took 0.134505 seconds .

========================================================================
Received Import Request.
  Time since last request: 0.000216 seconds.
  path: Assets/MINE/Art/sheet_8.asset
  artifactKey: Guid(e3d7dad00b05249e28db0259c3692b0b) Importer(815301076,1909f56bfc062723c751e8b465ee728b)
Start importing Assets/MINE/Art/sheet_8.asset using Guid(e3d7dad00b05249e28db0259c3692b0b) Importer(815301076,1909f56bfc062723c751e8b465ee728b)  -> (artifact id: 'ec824212ae46cc76688209855142ccee') in 0.097956 seconds 
  Import took 0.101929 seconds .

========================================================================
Received Import Request.
  Time since last request: 0.000213 seconds.
  path: Assets/MINE/Art/sheet_34.asset
  artifactKey: Guid(04c6c6cfff52d4fbc9bc9959a2769669) Importer(815301076,1909f56bfc062723c751e8b465ee728b)
Start importing Assets/MINE/Art/sheet_34.asset using Guid(04c6c6cfff52d4fbc9bc9959a2769669) Importer(815301076,1909f56bfc062723c751e8b465ee728b)  -> (artifact id: '4173b3acc19c0200345f8230cba72bec') in 0.064034 seconds 
  Import took 0.067615 seconds .

========================================================================
Received Import Request.
  Time since last request: 0.000219 seconds.
  path: Assets/MINE/Art/sheet_25.asset
  artifactKey: Guid(c82472d3932094b6da8ebcb9912cc2aa) Importer(815301076,1909f56bfc062723c751e8b465ee728b)
Start importing Assets/MINE/Art/sheet_25.asset using Guid(c82472d3932094b6da8ebcb9912cc2aa) Importer(815301076,1909f56bfc062723c751e8b465ee728b)  -> (artifact id: '8f04c00a6e96116cbc7d6defcba75f2c') in 0.243973 seconds 
  Import took 0.248018 seconds .

========================================================================
Received Import Request.
  Time since last request: 0.000360 seconds.
  path: Assets/MINE/Art/sheet_4.asset
  artifactKey: Guid(055251aa55c724e8699227ce6461dd93) Importer(815301076,1909f56bfc062723c751e8b465ee728b)
Start importing Assets/MINE/Art/sheet_4.asset using Guid(055251aa55c724e8699227ce6461dd93) Importer(815301076,1909f56bfc062723c751e8b465ee728b)  -> (artifact id: '0ef52b206bdcf0712e5a2327b4772c1e') in 0.043972 seconds 
  Import took 0.048247 seconds .

========================================================================
Received Import Request.
  Time since last request: 0.000407 seconds.
  path: Assets/MINE/Art/sheet_18.asset
  artifactKey: Guid(2345996ba8bbc4a07a870b5c55b867c0) Importer(815301076,1909f56bfc062723c751e8b465ee728b)
Start importing Assets/MINE/Art/sheet_18.asset using Guid(2345996ba8bbc4a07a870b5c55b867c0) Importer(815301076,1909f56bfc062723c751e8b465ee728b)  -> (artifact id: '55bd1d94b7b2a1b9cf64aea691389fd0') in 0.025718 seconds 
  Import took 0.030169 seconds .

========================================================================
Received Import Request.
  Time since last request: 0.000642 seconds.
  path: Assets/MINE/Art/sheet_44.asset
  artifactKey: Guid(1783afc6aff054ec0b4d8e5ffca41ad9) Importer(815301076,1909f56bfc062723c751e8b465ee728b)
Start importing Assets/MINE/Art/sheet_44.asset using Guid(1783afc6aff054ec0b4d8e5ffca41ad9) Importer(815301076,1909f56bfc062723c751e8b465ee728b)  -> (artifact id: '260bf7841a43205e0da108a80c93b1de') in 0.094361 seconds 
  Import took 0.098355 seconds .

========================================================================
Received Import Request.
  Time since last request: 0.000201 seconds.
  path: Assets/MINE/Art/sheet_39.asset
  artifactKey: Guid(75cf5f755dd994e05b747fdee373c49a) Importer(815301076,1909f56bfc062723c751e8b465ee728b)
Start importing Assets/MINE/Art/sheet_39.asset using Guid(75cf5f755dd994e05b747fdee373c49a) Importer(815301076,1909f56bfc062723c751e8b465ee728b)  -> (artifact id: 'f0fb947d3b581ed1fd1ed90bcadd6f11') in 0.135646 seconds 
  Import took 0.139136 seconds .

========================================================================
Received Import Request.
  Time since last request: 0.000266 seconds.
  path: Assets/MINE/Art/sheet_30.asset
  artifactKey: Guid(d6ed034cd5523471d9d4149f354c2651) Importer(815301076,1909f56bfc062723c751e8b465ee728b)
Start importing Assets/MINE/Art/sheet_30.asset using Guid(d6ed034cd5523471d9d4149f354c2651) Importer(815301076,1909f56bfc062723c751e8b465ee728b)  -> (artifact id: '4e23fb8efabf77df593063e36a438797') in 0.116814 seconds 
  Import took 0.120805 seconds .

========================================================================
Received Import Request.
  Time since last request: 0.019431 seconds.
  path: Assets/MINE/Art/sheet_47.asset
  artifactKey: Guid(31c87eaa0f62049f29d94bd8600c8150) Importer(815301076,1909f56bfc062723c751e8b465ee728b)
Start importing Assets/MINE/Art/sheet_47.asset using Guid(31c87eaa0f62049f29d94bd8600c8150) Importer(815301076,1909f56bfc062723c751e8b465ee728b)  -> (artifact id: 'ef2a20a4752058661489d2dcfd6b5a5f') in 0.115918 seconds 
  Import took 0.120069 seconds .

========================================================================
Received Import Request.
  Time since last request: 0.000377 seconds.
  path: Assets/MINE/Art/sheet_1.asset
  artifactKey: Guid(fbb0806f7d9894c88af3c0b5caa7c4bf) Importer(815301076,1909f56bfc062723c751e8b465ee728b)
Start importing Assets/MINE/Art/sheet_1.asset using Guid(fbb0806f7d9894c88af3c0b5caa7c4bf) Importer(815301076,1909f56bfc062723c751e8b465ee728b)  -> (artifact id: '73b8aadab1e45f6aa93fb706a14ad881') in 0.112930 seconds 
  Import took 0.117111 seconds .

========================================================================
Received Import Request.
  Time since last request: 0.018937 seconds.
  path: Assets/MINE/Art/sheet_41.asset
  artifactKey: Guid(7880ae7a6514145eeb2e5fd14e706818) Importer(815301076,1909f56bfc062723c751e8b465ee728b)
Start importing Assets/MINE/Art/sheet_41.asset using Guid(7880ae7a6514145eeb2e5fd14e706818) Importer(815301076,1909f56bfc062723c751e8b465ee728b)  -> (artifact id: '95d4a16cba45a1a07fc77b3fb5c3dd48') in 0.113484 seconds 
  Import took 0.117991 seconds .

========================================================================
Received Import Request.
  Time since last request: 0.017939 seconds.
  path: Assets/MINE/Art/sheet_2.asset
  artifactKey: Guid(08008fff74fce4afc9d85dade19f573f) Importer(815301076,1909f56bfc062723c751e8b465ee728b)
Start importing Assets/MINE/Art/sheet_2.asset using Guid(08008fff74fce4afc9d85dade19f573f) Importer(815301076,1909f56bfc062723c751e8b465ee728b)  -> (artifact id: '95abda568fb59ee0bf5eef47b4b646f9') in 0.114621 seconds 
  Import took 0.119037 seconds .

========================================================================
Received Import Request.
  Time since last request: 0.019037 seconds.
  path: Assets/MINE/Art/sheet_52.asset
  artifactKey: Guid(7ced9c9fdbff24d7da9e78ede04c952c) Importer(815301076,1909f56bfc062723c751e8b465ee728b)
Start importing Assets/MINE/Art/sheet_52.asset using Guid(7ced9c9fdbff24d7da9e78ede04c952c) Importer(815301076,1909f56bfc062723c751e8b465ee728b)  -> (artifact id: '82c2780e78866ea7f70198a4458c0d72') in 0.077644 seconds 
  Import took 0.082172 seconds .

========================================================================
Received Import Request.
  Time since last request: 0.000216 seconds.
  path: Assets/MINE/Art/sheet_6.asset
  artifactKey: Guid(bcd53b164be614d32b7b3863b248a2a8) Importer(815301076,1909f56bfc062723c751e8b465ee728b)
Start importing Assets/MINE/Art/sheet_6.asset using Guid(bcd53b164be614d32b7b3863b248a2a8) Importer(815301076,1909f56bfc062723c751e8b465ee728b)  -> (artifact id: '11d4b024ae9ecd374b60a7d1f261dce6') in 0.007128 seconds 
  Import took 0.010798 seconds .

========================================================================
Received Import Request.
  Time since last request: 0.000222 seconds.
  path: Assets/MINE/Art/sheet_32.asset
  artifactKey: Guid(512fea83300904315808abe61f06929c) Importer(815301076,1909f56bfc062723c751e8b465ee728b)
Start importing Assets/MINE/Art/sheet_32.asset using Guid(512fea83300904315808abe61f06929c) Importer(815301076,1909f56bfc062723c751e8b465ee728b)  -> (artifact id: '2c89ddee2430ace8ab429d956413b4f4') in 0.008003 seconds 
  Import took 0.011230 seconds .

========================================================================
Received Import Request.
  Time since last request: 0.000163 seconds.
  path: Assets/MINE/Art/sheet_33.asset
  artifactKey: Guid(abbb56611260841dc986fe8010132e05) Importer(815301076,1909f56bfc062723c751e8b465ee728b)
Start importing Assets/MINE/Art/sheet_33.asset using Guid(abbb56611260841dc986fe8010132e05) Importer(815301076,1909f56bfc062723c751e8b465ee728b)  -> (artifact id: '27ac63a366462abaf33c238877bdf458') in 0.076272 seconds 
  Import took 0.080610 seconds .

========================================================================
Received Import Request.
  Time since last request: 0.000412 seconds.
  path: Assets/MINE/Art/sheet_12.asset
  artifactKey: Guid(c44689312e8394399b32630087a7bc75) Importer(815301076,1909f56bfc062723c751e8b465ee728b)
Start importing Assets/MINE/Art/sheet_12.asset using Guid(c44689312e8394399b32630087a7bc75) Importer(815301076,1909f56bfc062723c751e8b465ee728b)  -> (artifact id: '68825378f863ffa29c2eff454c682f17') in 0.080440 seconds 
  Import took 0.084541 seconds .

========================================================================
Received Import Request.
  Time since last request: 0.000390 seconds.
  path: Assets/MINE/Art/sheet_16.asset
  artifactKey: Guid(ed9542cbae7d8473783569abadde2b16) Importer(815301076,1909f56bfc062723c751e8b465ee728b)
Start importing Assets/MINE/Art/sheet_16.asset using Guid(ed9542cbae7d8473783569abadde2b16) Importer(815301076,1909f56bfc062723c751e8b465ee728b)  -> (artifact id: 'fef5522e36aab88f04b965bb39baa571') in 0.042157 seconds 
  Import took 0.046315 seconds .

========================================================================
Received Import Request.
  Time since last request: 0.000163 seconds.
  path: Assets/MINE/Art/sheet_46.asset
  artifactKey: Guid(f32e7f10248264679a62d28ba8569c64) Importer(815301076,1909f56bfc062723c751e8b465ee728b)
Start importing Assets/MINE/Art/sheet_46.asset using Guid(f32e7f10248264679a62d28ba8569c64) Importer(815301076,1909f56bfc062723c751e8b465ee728b)  -> (artifact id: 'fcd1f1c8741e83d5de7c1f9806f81619') in 0.041812 seconds 
  Import took 0.045155 seconds .

========================================================================
Received Import Request.
  Time since last request: 0.000140 seconds.
  path: Assets/MINE/Art/sheet_43.asset
  artifactKey: Guid(daa9baaa66f234778904c430c84c20c9) Importer(815301076,1909f56bfc062723c751e8b465ee728b)
Start importing Assets/MINE/Art/sheet_43.asset using Guid(daa9baaa66f234778904c430c84c20c9) Importer(815301076,1909f56bfc062723c751e8b465ee728b)  -> (artifact id: '1dd6c2f762f5f2e0881843ba71f26059') in 0.006941 seconds 
  Import took 0.010018 seconds .

========================================================================
Received Import Request.
  Time since last request: 0.000129 seconds.
  path: Assets/MINE/Art/sheet_36.asset
  artifactKey: Guid(4a78769b3db504564b6a7afd9f28301e) Importer(815301076,1909f56bfc062723c751e8b465ee728b)
Start importing Assets/MINE/Art/sheet_36.asset using Guid(4a78769b3db504564b6a7afd9f28301e) Importer(815301076,1909f56bfc062723c751e8b465ee728b)  -> (artifact id: 'c34c0bb32e8d2838b5c3a4304adccb3b') in 0.007397 seconds 
  Import took 0.010823 seconds .

========================================================================
Received Import Request.
  Time since last request: 0.000187 seconds.
  path: Assets/MINE/Art/sheet_50.asset
  artifactKey: Guid(e3781df215a2e4369847137d4f181702) Importer(815301076,1909f56bfc062723c751e8b465ee728b)
Start importing Assets/MINE/Art/sheet_50.asset using Guid(e3781df215a2e4369847137d4f181702) Importer(815301076,1909f56bfc062723c751e8b465ee728b)  -> (artifact id: '423f558a020c76ee151feded9f42ff30') in 0.006897 seconds 
  Import took 0.010719 seconds .

========================================================================
Received Import Request.
  Time since last request: 0.000135 seconds.
  path: Assets/MINE/Art/sheet_49.asset
  artifactKey: Guid(a0a50512680544cc2a49ca36f43e9853) Importer(815301076,1909f56bfc062723c751e8b465ee728b)
Start importing Assets/MINE/Art/sheet_49.asset using Guid(a0a50512680544cc2a49ca36f43e9853) Importer(815301076,1909f56bfc062723c751e8b465ee728b)  -> (artifact id: 'f4642aca002a1c9924dc693cc592a7b8') in 0.026726 seconds 
  Import took 0.029279 seconds .

========================================================================
Received Import Request.
  Time since last request: 0.000143 seconds.
  path: Assets/MINE/Art/sheet_35.asset
  artifactKey: Guid(1a8b9a283b86b44dbbde02dd387b80d9) Importer(815301076,1909f56bfc062723c751e8b465ee728b)
Start importing Assets/MINE/Art/sheet_35.asset using Guid(1a8b9a283b86b44dbbde02dd387b80d9) Importer(815301076,1909f56bfc062723c751e8b465ee728b)  -> (artifact id: '53e5a4984bdec7e1b39d590c18b081b5') in 0.008423 seconds 
  Import took 0.011568 seconds .

========================================================================
Received Import Request.
  Time since last request: 0.000141 seconds.
  path: Assets/MINE/Art/sheet_19.asset
  artifactKey: Guid(e05264031e37d4b33b6f824af99e28bc) Importer(815301076,1909f56bfc062723c751e8b465ee728b)
Start importing Assets/MINE/Art/sheet_19.asset using Guid(e05264031e37d4b33b6f824af99e28bc) Importer(815301076,1909f56bfc062723c751e8b465ee728b)  -> (artifact id: 'bf43b622ba3231096c861c0e21839f21') in 0.025077 seconds 
  Import took 0.028556 seconds .

========================================================================
Received Import Request.
  Time since last request: 0.000239 seconds.
  path: Assets/MINE/Art/sheet_45.asset
  artifactKey: Guid(f19c8d5f38a9241bdadcdb06eebe43cc) Importer(815301076,1909f56bfc062723c751e8b465ee728b)
Start importing Assets/MINE/Art/sheet_45.asset using Guid(f19c8d5f38a9241bdadcdb06eebe43cc) Importer(815301076,1909f56bfc062723c751e8b465ee728b)  -> (artifact id: '01ccc184b0bbb83ca89c5db953d6d1ce') in 0.007867 seconds 
  Import took 0.011816 seconds .

========================================================================
Received Import Request.
  Time since last request: 0.000133 seconds.
  path: Assets/MINE/Art/sheet_24.asset
  artifactKey: Guid(9707c5d593f174fd8a032ca738daa219) Importer(815301076,1909f56bfc062723c751e8b465ee728b)
Start importing Assets/MINE/Art/sheet_24.asset using Guid(9707c5d593f174fd8a032ca738daa219) Importer(815301076,1909f56bfc062723c751e8b465ee728b)  -> (artifact id: 'b677feacc30b5393d7050d68c98df4d9') in 0.007683 seconds 
  Import took 0.010729 seconds .

========================================================================
Received Import Request.
  Time since last request: 0.000127 seconds.
  path: Assets/MINE/Art/sheet_38.asset
  artifactKey: Guid(e11e5d11e0cd048e791da925351e391a) Importer(815301076,1909f56bfc062723c751e8b465ee728b)
Start importing Assets/MINE/Art/sheet_38.asset using Guid(e11e5d11e0cd048e791da925351e391a) Importer(815301076,1909f56bfc062723c751e8b465ee728b)  -> (artifact id: 'b0d66b346f381b4fcc4ca3375b1305ac') in 0.026212 seconds 
  Import took 0.029751 seconds .

========================================================================
Received Import Request.
  Time since last request: 0.000143 seconds.
  path: Assets/MINE/Art/sheet_37.asset
  artifactKey: Guid(33cdfb9e843d9448fb083ada99def8ba) Importer(815301076,1909f56bfc062723c751e8b465ee728b)
Start importing Assets/MINE/Art/sheet_37.asset using Guid(33cdfb9e843d9448fb083ada99def8ba) Importer(815301076,1909f56bfc062723c751e8b465ee728b)  -> (artifact id: '97fb18155f0826bab6e6af4a095c7648') in 0.007038 seconds 
  Import took 0.010131 seconds .

========================================================================
Received Import Request.
  Time since last request: 0.000273 seconds.
  path: Assets/MINE/Art/sheet_31.asset
  artifactKey: Guid(3a5ab4616f5cd44188a1c12f2192458d) Importer(815301076,1909f56bfc062723c751e8b465ee728b)
Start importing Assets/MINE/Art/sheet_31.asset using Guid(3a5ab4616f5cd44188a1c12f2192458d) Importer(815301076,1909f56bfc062723c751e8b465ee728b)  -> (artifact id: 'ce41dc0a0d7d51cec6f597cb5099c393') in 0.057759 seconds 
  Import took 0.061264 seconds .

========================================================================
Received Import Request.
  Time since last request: 0.000360 seconds.
  path: Assets/MINE/Art/sheet_10.asset
  artifactKey: Guid(0b5182819859b4b01aea6db9f0c5d369) Importer(815301076,1909f56bfc062723c751e8b465ee728b)
Start importing Assets/MINE/Art/sheet_10.asset using Guid(0b5182819859b4b01aea6db9f0c5d369) Importer(815301076,1909f56bfc062723c751e8b465ee728b)  -> (artifact id: '91c5d115cecfa8edfdf4e00650b18259') in 0.008849 seconds 
  Import took 0.013290 seconds .

========================================================================
Received Import Request.
  Time since last request: 0.000136 seconds.
  path: Assets/MINE/Art/sheet_28.asset
  artifactKey: Guid(4fe4dd824491a430e9d295125b6e3e8d) Importer(815301076,1909f56bfc062723c751e8b465ee728b)
Start importing Assets/MINE/Art/sheet_28.asset using Guid(4fe4dd824491a430e9d295125b6e3e8d) Importer(815301076,1909f56bfc062723c751e8b465ee728b)  -> (artifact id: 'ce78d82e06232bc59032c388c0ef735d') in 0.041251 seconds 
  Import took 0.044631 seconds .

========================================================================
Received Import Request.
  Time since last request: 0.000159 seconds.
  path: Assets/MINE/Art/sheet_9.asset
  artifactKey: Guid(6cfd5ab9e5bf54a918d67114b7c6bf1d) Importer(815301076,1909f56bfc062723c751e8b465ee728b)
Start importing Assets/MINE/Art/sheet_9.asset using Guid(6cfd5ab9e5bf54a918d67114b7c6bf1d) Importer(815301076,1909f56bfc062723c751e8b465ee728b)  -> (artifact id: '190da31a9a06e50ceb1f2125b5b2092a') in 0.025108 seconds 
  Import took 0.028805 seconds .

========================================================================
Received Import Request.
  Time since last request: 0.000142 seconds.
  path: Assets/MINE/Art/sheet_23.asset
  artifactKey: Guid(19f20b36fa33d4f42a1bc07113c5b65c) Importer(815301076,1909f56bfc062723c751e8b465ee728b)
Start importing Assets/MINE/Art/sheet_23.asset using Guid(19f20b36fa33d4f42a1bc07113c5b65c) Importer(815301076,1909f56bfc062723c751e8b465ee728b)  -> (artifact id: '7ffefb138dce27a2df18ed0aff8af541') in 0.007012 seconds 
  Import took 0.009923 seconds .

========================================================================
Received Import Request.
  Time since last request: 0.000142 seconds.
  path: Assets/MINE/Art/sheet_14.asset
  artifactKey: Guid(b39e78dad9f8b44658f479b52cfd89aa) Importer(815301076,1909f56bfc062723c751e8b465ee728b)
Start importing Assets/MINE/Art/sheet_14.asset using Guid(b39e78dad9f8b44658f479b52cfd89aa) Importer(815301076,1909f56bfc062723c751e8b465ee728b)  -> (artifact id: 'b98edbe99b74bff289e915769e612fa4') in 0.006698 seconds 
  Import took 0.009824 seconds .

========================================================================
Received Import Request.
  Time since last request: 0.000145 seconds.
  path: Assets/MINE/Art/sheet_0.asset
  artifactKey: Guid(3a39e3aaae815459b95e4a0def02acdf) Importer(815301076,1909f56bfc062723c751e8b465ee728b)
Start importing Assets/MINE/Art/sheet_0.asset using Guid(3a39e3aaae815459b95e4a0def02acdf) Importer(815301076,1909f56bfc062723c751e8b465ee728b)  -> (artifact id: '8b0a5ad66b792675247956ad557155c2') in 0.006328 seconds 
  Import took 0.009359 seconds .

========================================================================
Received Import Request.
  Time since last request: 0.000145 seconds.
  path: Assets/MINE/Art/sheet_53.asset
  artifactKey: Guid(7a2833434e4484c6cb83dc70e545ebbd) Importer(815301076,1909f56bfc062723c751e8b465ee728b)
Start importing Assets/MINE/Art/sheet_53.asset using Guid(7a2833434e4484c6cb83dc70e545ebbd) Importer(815301076,1909f56bfc062723c751e8b465ee728b)  -> (artifact id: 'eed2326c843b415750a6274cb154174f') in 0.006408 seconds 
  Import took 0.009505 seconds .

========================================================================
Received Import Request.
  Time since last request: 0.000140 seconds.
  path: Assets/MINE/Art/sheet_40.asset
  artifactKey: Guid(adbb4514765b646e9beb1cf37a69de33) Importer(815301076,1909f56bfc062723c751e8b465ee728b)
Start importing Assets/MINE/Art/sheet_40.asset using Guid(adbb4514765b646e9beb1cf37a69de33) Importer(815301076,1909f56bfc062723c751e8b465ee728b)  -> (artifact id: '92221c2b19e90b64557786c5f23d2f6a') in 0.006336 seconds 
  Import took 0.009913 seconds .

========================================================================
Received Import Request.
  Time since last request: 0.000171 seconds.
  path: Assets/MINE/Art/sheet_5.asset
  artifactKey: Guid(7bf0be441cb35490b8e012e98a0cd314) Importer(815301076,1909f56bfc062723c751e8b465ee728b)
Start importing Assets/MINE/Art/sheet_5.asset using Guid(7bf0be441cb35490b8e012e98a0cd314) Importer(815301076,1909f56bfc062723c751e8b465ee728b)  -> (artifact id: 'b8fa0894d5b3deca3885095f2b90a0ad') in 0.006612 seconds 
  Import took 0.009640 seconds .

========================================================================
Received Import Request.
  Time since last request: 0.000133 seconds.
  path: Assets/MINE/Art/sheet_20.asset
  artifactKey: Guid(bd2aa819174794c17abe9b3c22dd3912) Importer(815301076,1909f56bfc062723c751e8b465ee728b)
Start importing Assets/MINE/Art/sheet_20.asset using Guid(bd2aa819174794c17abe9b3c22dd3912) Importer(815301076,1909f56bfc062723c751e8b465ee728b)  -> (artifact id: 'ca94edda9e40425302594239faafedcf') in 0.006419 seconds 
  Import took 0.009201 seconds .

========================================================================
Received Import Request.
  Time since last request: 0.000149 seconds.
  path: Assets/MINE/Art/sheet_3.asset
  artifactKey: Guid(12112344e814a42ec9b63bc93605170d) Importer(815301076,1909f56bfc062723c751e8b465ee728b)
Start importing Assets/MINE/Art/sheet_3.asset using Guid(12112344e814a42ec9b63bc93605170d) Importer(815301076,1909f56bfc062723c751e8b465ee728b)  -> (artifact id: '2c497cd214fea331e34d4d58306473b5') in 0.006445 seconds 
  Import took 0.009145 seconds .

========================================================================
Received Import Request.
  Time since last request: 0.000140 seconds.
  path: Assets/MINE/Art/sheet_15.asset
  artifactKey: Guid(ac1cad9ad78634609af73aed406d0c24) Importer(815301076,1909f56bfc062723c751e8b465ee728b)
Start importing Assets/MINE/Art/sheet_15.asset using Guid(ac1cad9ad78634609af73aed406d0c24) Importer(815301076,1909f56bfc062723c751e8b465ee728b)  -> (artifact id: '27e40e338b262d31cc6151a9f16a93af') in 0.006510 seconds 
  Import took 0.009262 seconds .

========================================================================
Received Import Request.
  Time since last request: 0.000183 seconds.
  path: Assets/MINE/Art/sheet_22.asset
  artifactKey: Guid(90c969a2a1c6a4c0ea75a67940598094) Importer(815301076,1909f56bfc062723c751e8b465ee728b)
Start importing Assets/MINE/Art/sheet_22.asset using Guid(90c969a2a1c6a4c0ea75a67940598094) Importer(815301076,1909f56bfc062723c751e8b465ee728b)  -> (artifact id: '4d77f6d3ac6e5606106d9f114b76946b') in 0.007791 seconds 
  Import took 0.011203 seconds .

========================================================================
Received Import Request.
  Time since last request: 0.000133 seconds.
  path: Assets/MINE/Art/sheet_7.asset
  artifactKey: Guid(1938a0c77359149c2bc88f4378a89786) Importer(815301076,1909f56bfc062723c751e8b465ee728b)
Start importing Assets/MINE/Art/sheet_7.asset using Guid(1938a0c77359149c2bc88f4378a89786) Importer(815301076,1909f56bfc062723c751e8b465ee728b)  -> (artifact id: 'f260d92fe1615dd2ffbe3dc390e0b61d') in 0.007476 seconds 
  Import took 0.010219 seconds .

========================================================================
Received Import Request.
  Time since last request: 0.000134 seconds.
  path: Assets/MINE/Art/sheet_21.asset
  artifactKey: Guid(8b0225c106a724a6e9c4a1e4b1a9f345) Importer(815301076,1909f56bfc062723c751e8b465ee728b)
Start importing Assets/MINE/Art/sheet_21.asset using Guid(8b0225c106a724a6e9c4a1e4b1a9f345) Importer(815301076,1909f56bfc062723c751e8b465ee728b)  -> (artifact id: '27428eb2168fe6e264d023e3306ed12c') in 0.006487 seconds 
  Import took 0.009201 seconds .

========================================================================
Received Import Request.
  Time since last request: 0.000138 seconds.
  path: Assets/MINE/Art/sheet_48.asset
  artifactKey: Guid(4050f9a38344e4e03853de4f980012db) Importer(815301076,1909f56bfc062723c751e8b465ee728b)
Start importing Assets/MINE/Art/sheet_48.asset using Guid(4050f9a38344e4e03853de4f980012db) Importer(815301076,1909f56bfc062723c751e8b465ee728b)  -> (artifact id: '4a32b681aa708131e5a0da4dd0b9bba5') in 0.006329 seconds 
  Import took 0.009295 seconds .

========================================================================
Received Import Request.
  Time since last request: 0.000188 seconds.
  path: Assets/MINE/Art/sheet_17.asset
  artifactKey: Guid(5ebbbbb389b294eaaad6cfb0c5391ca2) Importer(815301076,1909f56bfc062723c751e8b465ee728b)
Start importing Assets/MINE/Art/sheet_17.asset using Guid(5ebbbbb389b294eaaad6cfb0c5391ca2) Importer(815301076,1909f56bfc062723c751e8b465ee728b)  -> (artifact id: '48f2a7fc5ca9d33b320989b2f79435f9') in 0.008655 seconds 
  Import took 0.012927 seconds .

========================================================================
Received Import Request.
  Time since last request: 0.000140 seconds.
  path: Assets/MINE/Art/sheet_26.asset
  artifactKey: Guid(59c96cd8bb867467f909a05b1b56dd4f) Importer(815301076,1909f56bfc062723c751e8b465ee728b)
Start importing Assets/MINE/Art/sheet_26.asset using Guid(59c96cd8bb867467f909a05b1b56dd4f) Importer(815301076,1909f56bfc062723c751e8b465ee728b)  -> (artifact id: 'bf9a90f09c2096827e4f6cd183ef24f2') in 0.006639 seconds 
  Import took 0.009665 seconds .

========================================================================
Received Import Request.
  Time since last request: 0.000145 seconds.
  path: Assets/MINE/Art/sheet_42.asset
  artifactKey: Guid(059877eb9c17f4568946fa3d396b90ab) Importer(815301076,1909f56bfc062723c751e8b465ee728b)
Start importing Assets/MINE/Art/sheet_42.asset using Guid(059877eb9c17f4568946fa3d396b90ab) Importer(815301076,1909f56bfc062723c751e8b465ee728b)  -> (artifact id: '87bee2ff2e3c32d68ed459edf5d70bce') in 0.006782 seconds 
  Import took 0.010137 seconds .

========================================================================
Received Prepare
Registering precompiled user dll's ...
Registered in 0.003337 seconds.
Begin MonoManager ReloadAssembly
Native extension for OSXStandalone target not found
Refreshing native plugins compatible for Editor in 0.42 ms, found 3 plugins.
Preloading 0 native plugins for Editor in 0.00 ms.
Mono: successfully reloaded assembly
- Completed reload, in  0.944 seconds
Domain Reload Profiling:
	ReloadAssembly (944ms)
		BeginReloadAssembly (104ms)
			ExecutionOrderSort (0ms)
			DisableScriptedObjects (5ms)
			BackupInstance (0ms)
			ReleaseScriptingObjects (0ms)
			CreateAndSetChildDomain (51ms)
		EndReloadAssembly (786ms)
			LoadAssemblies (63ms)
			RebuildTransferFunctionScriptingTraits (0ms)
			SetupTypeCache (294ms)
			ReleaseScriptCaches (1ms)
			RebuildScriptCaches (44ms)
			SetupLoadedEditorAssemblies (277ms)
				LogAssemblyErrors (0ms)
				InitializePlatformSupportModulesInManaged (3ms)
				SetLoadedEditorAssemblies (0ms)
				RefreshPlugins (0ms)
				BeforeProcessingInitializeOnLoad (83ms)
				ProcessInitializeOnLoadAttributes (179ms)
				ProcessInitializeOnLoadMethodAttributes (10ms)
				AfterProcessingInitializeOnLoad (1ms)
				EditorAssembliesLoaded (0ms)
			ExecutionOrderSort2 (0ms)
			AwakeInstancesAfterBackupRestoration (8ms)
Platform modules already initialized, skipping
Refreshing native plugins compatible for Editor in 0.43 ms, found 3 plugins.
Preloading 0 native plugins for Editor in 0.00 ms.
Unloading 2199 Unused Serialized files (Serialized files now loaded: 0)
System memory in use before: 218.9 MB.
System memory in use after: 218.9 MB.

Unloading 24 unused Assets to reduce memory usage. Loaded Objects now: 2692.
Total: 2.359746 ms (FindLiveObjects: 0.136611 ms CreateObjectMapping: 0.067530 ms MarkObjects: 2.073531 ms  DeleteObjects: 0.081519 ms)

AssetImportParameters requested are different than current active one (requested -> active):
  custom:video-decoder-ogg-theora: a1e56fd34408186e4bbccfd4996cb3dc -> 
  custom:container-muxer-webm: aa71ff27fc2769a1b78a27578f13a17b -> 
  custom:container-demuxer-webm: 4f35f7cbe854078d1ac9338744f61a02 -> 
  custom:container-demuxer-ogg: 62fdf1f143b41e24485cea50d1cbac27 -> 
  custom:video-encoder-webm-vp8: eb34c28f22e8b96e1ab97ce403110664 -> 
  custom:framework-osx-AVFoundation: e770b220cccbd017edd2c1fefb359320 -> 
  custom:video-decoder-webm-vp8: 9c59270c3fd7afecdb556c50c9e8de78 -> 
  custom:audio-decoder-ogg-vorbis: bf7c407c2cedff20999df2af8eb42d56 -> 
  custom:audio-encoder-webm-vorbis: bf7c407c2cedff20999df2af8eb42d56 -> 
========================================================================
Received Prepare
Registering precompiled user dll's ...
Registered in 0.001821 seconds.
Begin MonoManager ReloadAssembly
Native extension for OSXStandalone target not found
Refreshing native plugins compatible for Editor in 0.42 ms, found 3 plugins.
Preloading 0 native plugins for Editor in 0.00 ms.
Mono: successfully reloaded assembly
- Completed reload, in  0.937 seconds
Domain Reload Profiling:
	ReloadAssembly (938ms)
		BeginReloadAssembly (109ms)
			ExecutionOrderSort (0ms)
			DisableScriptedObjects (5ms)
			BackupInstance (0ms)
			ReleaseScriptingObjects (0ms)
			CreateAndSetChildDomain (56ms)
		EndReloadAssembly (773ms)
			LoadAssemblies (62ms)
			RebuildTransferFunctionScriptingTraits (0ms)
			SetupTypeCache (290ms)
			ReleaseScriptCaches (1ms)
			RebuildScriptCaches (42ms)
			SetupLoadedEditorAssemblies (274ms)
				LogAssemblyErrors (0ms)
				InitializePlatformSupportModulesInManaged (3ms)
				SetLoadedEditorAssemblies (0ms)
				RefreshPlugins (0ms)
				BeforeProcessingInitializeOnLoad (83ms)
				ProcessInitializeOnLoadAttributes (176ms)
				ProcessInitializeOnLoadMethodAttributes (9ms)
				AfterProcessingInitializeOnLoad (1ms)
				EditorAssembliesLoaded (0ms)
			ExecutionOrderSort2 (0ms)
			AwakeInstancesAfterBackupRestoration (8ms)
Platform modules already initialized, skipping
Refreshing native plugins compatible for Editor in 0.35 ms, found 3 plugins.
Preloading 0 native plugins for Editor in 0.00 ms.
Unloading 2199 Unused Serialized files (Serialized files now loaded: 0)
System memory in use before: 219.1 MB.
System memory in use after: 219.1 MB.

Unloading 23 unused Assets to reduce memory usage. Loaded Objects now: 2694.
Total: 2.314920 ms (FindLiveObjects: 0.137295 ms CreateObjectMapping: 0.066216 ms MarkObjects: 2.042478 ms  DeleteObjects: 0.068314 ms)

AssetImportParameters requested are different than current active one (requested -> active):
  custom:video-decoder-ogg-theora: a1e56fd34408186e4bbccfd4996cb3dc -> 
  custom:container-muxer-webm: aa71ff27fc2769a1b78a27578f13a17b -> 
  custom:container-demuxer-webm: 4f35f7cbe854078d1ac9338744f61a02 -> 
  custom:container-demuxer-ogg: 62fdf1f143b41e24485cea50d1cbac27 -> 
  custom:video-encoder-webm-vp8: eb34c28f22e8b96e1ab97ce403110664 -> 
  custom:framework-osx-AVFoundation: e770b220cccbd017edd2c1fefb359320 -> 
  custom:video-decoder-webm-vp8: 9c59270c3fd7afecdb556c50c9e8de78 -> 
  custom:audio-decoder-ogg-vorbis: bf7c407c2cedff20999df2af8eb42d56 -> 
  custom:audio-encoder-webm-vorbis: bf7c407c2cedff20999df2af8eb42d56 -> 
AssetImportWorkerClient::OnTransportError - code=2 error=End of file
