Unity Editor version:    2020.3.27f1 (e759542391ea)
Branch:                  2020.3/release
Build type:              Release
Batch mode:              YES
macOS version:           Version 11.6.5 (Build 20G527)
Darwin version:          20.6.0
Architecture:            x86_64
Running under Rosetta:   NO
Available memory:        16384 MB
Using pre-set license
Pro License: NO

COMMAND LINE ARGUMENTS:
/Applications/2020.3.27f1/Unity.app/Contents/MacOS/Unity
-adb2
-batchMode
-noUpm
-name
AssetImportWorker0
-projectPath
/Users/game5/Project-G
-logFile
Logs/AssetImportWorker0.log
-srvPort
51549
Successfully changed project path to: /Users/game5/Project-G
/Users/game5/Project-G
Using Asset Import Pipeline V2.
Refreshing native plugins compatible for Editor in 35.07 ms, found 3 plugins.
Preloading 0 native plugins for Editor in 0.00 ms.
Initialize engine version: 2020.3.27f1 (e759542391ea)
[Subsystems] Discovering subsystems at path /Applications/2020.3.27f1/Unity.app/Contents/Resources/UnitySubsystems
[Subsystems] Discovering subsystems at path /Users/game5/Project-G/Assets
GfxDevice: creating device client; threaded=0
2023-11-02 12:48:58.353 Unity[4085:113532] iMac preferred device: AMD Radeon Pro 5500 XT (high power)
2023-11-02 12:48:58.353 Unity[4085:113532] Metal devices available: 1
2023-11-02 12:48:58.353 Unity[4085:113532] 0: AMD Radeon Pro 5500 XT (high power)
2023-11-02 12:48:58.353 Unity[4085:113532] Using device AMD Radeon Pro 5500 XT (high power)
Initializing Metal device caps: AMD Radeon Pro 5500 XT
Initialize mono
Mono path[0] = '/Applications/2020.3.27f1/Unity.app/Contents/Managed'
Mono path[1] = '/Applications/2020.3.27f1/Unity.app/Contents/MonoBleedingEdge/lib/mono/unityjit'
Mono config path = '/Applications/2020.3.27f1/Unity.app/Contents/MonoBleedingEdge/etc'
Using monoOptions --debugger-agent=transport=dt_socket,embedding=1,server=y,suspend=n,address=127.0.0.1:56085
Begin MonoManager ReloadAssembly
Registering precompiled unity dll's ...
Register platform support module: /Applications/2020.3.27f1/Unity.app/Contents/PlaybackEngines/MacStandaloneSupport/UnityEditor.OSXStandalone.Extensions.dll
Registered in 0.000453 seconds.
Native extension for OSXStandalone target not found
Refreshing native plugins compatible for Editor in 34.32 ms, found 3 plugins.
Preloading 0 native plugins for Editor in 0.00 ms.
Mono: successfully reloaded assembly
- Completed reload, in  0.528 seconds
Domain Reload Profiling:
	ReloadAssembly (528ms)
		BeginReloadAssembly (37ms)
			ExecutionOrderSort (0ms)
			DisableScriptedObjects (0ms)
			BackupInstance (0ms)
			ReleaseScriptingObjects (0ms)
			CreateAndSetChildDomain (1ms)
		EndReloadAssembly (426ms)
			LoadAssemblies (37ms)
			RebuildTransferFunctionScriptingTraits (0ms)
			SetupTypeCache (157ms)
			ReleaseScriptCaches (0ms)
			RebuildScriptCaches (33ms)
			SetupLoadedEditorAssemblies (162ms)
				LogAssemblyErrors (0ms)
				InitializePlatformSupportModulesInManaged (4ms)
				SetLoadedEditorAssemblies (0ms)
				RefreshPlugins (34ms)
				BeforeProcessingInitializeOnLoad (7ms)
				ProcessInitializeOnLoadAttributes (90ms)
				ProcessInitializeOnLoadMethodAttributes (26ms)
				AfterProcessingInitializeOnLoad (0ms)
				EditorAssembliesLoaded (0ms)
			ExecutionOrderSort2 (0ms)
			AwakeInstancesAfterBackupRestoration (0ms)
Platform modules already initialized, skipping
Registering precompiled user dll's ...
Registered in 0.001737 seconds.
Begin MonoManager ReloadAssembly
Native extension for OSXStandalone target not found
Refreshing native plugins compatible for Editor in 34.27 ms, found 3 plugins.
Preloading 0 native plugins for Editor in 0.00 ms.
Mono: successfully reloaded assembly
- Completed reload, in  1.040 seconds
Domain Reload Profiling:
	ReloadAssembly (1041ms)
		BeginReloadAssembly (133ms)
			ExecutionOrderSort (0ms)
			DisableScriptedObjects (4ms)
			BackupInstance (0ms)
			ReleaseScriptingObjects (0ms)
			CreateAndSetChildDomain (27ms)
		EndReloadAssembly (851ms)
			LoadAssemblies (70ms)
			RebuildTransferFunctionScriptingTraits (0ms)
			SetupTypeCache (325ms)
			ReleaseScriptCaches (0ms)
			RebuildScriptCaches (49ms)
			SetupLoadedEditorAssemblies (294ms)
				LogAssemblyErrors (0ms)
				InitializePlatformSupportModulesInManaged (3ms)
				SetLoadedEditorAssemblies (0ms)
				RefreshPlugins (34ms)
				BeforeProcessingInitializeOnLoad (50ms)
				ProcessInitializeOnLoadAttributes (191ms)
				ProcessInitializeOnLoadMethodAttributes (14ms)
				AfterProcessingInitializeOnLoad (2ms)
				EditorAssembliesLoaded (0ms)
			ExecutionOrderSort2 (0ms)
			AwakeInstancesAfterBackupRestoration (6ms)
Platform modules already initialized, skipping
Validating Project structure ... 0.001172 seconds.
Shader import version has changed; will reimport all shaders...
Upgrading shader files ...0.008931 seconds.
Application.AssetDatabase Initial Script Refresh Start
RefreshInfo: InitialScriptRefreshV2(NoUpdateAssetOptions) scanfilter:  ... 1 filters
RefreshProfiler: Total: 0.000ms
Application.AssetDatabase Initial Script Refresh End
Application.AssetDatabase.Refresh Start
Application.AssetDatabase.Refresh End
RefreshInfo: StopAssetImportingV2(ForceSynchronousImport) scanfilter: 
RefreshProfiler: Total: 0.000ms
Launching external process: /Applications/2020.3.27f1/Unity.app/Contents/Tools/UnityShaderCompiler
Launched and connected shader compiler UnityShaderCompiler after 0.01 seconds
Initializing Unity extensions:
========================================================================
Worker process is ready to serve import requests
Refreshing native plugins compatible for Editor in 0.41 ms, found 3 plugins.
Preloading 0 native plugins for Editor in 0.00 ms.
Unloading 2218 Unused Serialized files (Serialized files now loaded: 0)
System memory in use before: 215.4 MB.
System memory in use after: 214.5 MB.

Unloading 114 unused Assets to reduce memory usage. Loaded Objects now: 2686.
Total: 2.839383 ms (FindLiveObjects: 0.159983 ms CreateObjectMapping: 0.082643 ms MarkObjects: 2.155200 ms  DeleteObjects: 0.440962 ms)

AssetImportParameters requested are different than current active one (requested -> active):
  custom:video-decoder-ogg-theora: a1e56fd34408186e4bbccfd4996cb3dc -> 
  custom:container-muxer-webm: aa71ff27fc2769a1b78a27578f13a17b -> 
  custom:container-demuxer-webm: 4f35f7cbe854078d1ac9338744f61a02 -> 
  custom:container-demuxer-ogg: 62fdf1f143b41e24485cea50d1cbac27 -> 
  custom:video-encoder-webm-vp8: eb34c28f22e8b96e1ab97ce403110664 -> 
  custom:framework-osx-AVFoundation: e770b220cccbd017edd2c1fefb359320 -> 
  custom:video-decoder-webm-vp8: 9c59270c3fd7afecdb556c50c9e8de78 -> 
  custom:audio-decoder-ogg-vorbis: bf7c407c2cedff20999df2af8eb42d56 -> 
  custom:audio-encoder-webm-vorbis: bf7c407c2cedff20999df2af8eb42d56 -> 
========================================================================
Received Import Request.
  path: Assets/MINE/Art/Environment/Tile3.png
  artifactKey: Guid(4af5787234547428fbc51c1e9ec6e604) Importer(815301076,1909f56bfc062723c751e8b465ee728b)
Start importing Assets/MINE/Art/Environment/Tile3.png using Guid(4af5787234547428fbc51c1e9ec6e604) Importer(815301076,1909f56bfc062723c751e8b465ee728b)  -> (artifact id: 'c9d94119c5fd8f33d09e6fe2d4ea1ad3') in 0.754012 seconds 
  Import took 0.758664 seconds .

========================================================================
Received Import Request.
  Time since last request: 44.658797 seconds.
  path: Assets/MINE/Art/Tile/Tliepalette.prefab
  artifactKey: Guid(0c9f03ae7807c4f8eb8dba5227a12a85) Importer(815301076,1909f56bfc062723c751e8b465ee728b)
Start importing Assets/MINE/Art/Tile/Tliepalette.prefab using Guid(0c9f03ae7807c4f8eb8dba5227a12a85) Importer(815301076,1909f56bfc062723c751e8b465ee728b)  -> (artifact id: 'b4ec534cda41b1fecadfaa5fe370f9d0') in 0.778691 seconds 
  Import took 0.783793 seconds .

========================================================================
Received Import Request.
  Time since last request: 5.325378 seconds.
  path: Assets/MINE/Art/Tile/Tliepalette.prefab
  artifactKey: Guid(0c9f03ae7807c4f8eb8dba5227a12a85) Importer(815301076,1909f56bfc062723c751e8b465ee728b)
Start importing Assets/MINE/Art/Tile/Tliepalette.prefab using Guid(0c9f03ae7807c4f8eb8dba5227a12a85) Importer(815301076,1909f56bfc062723c751e8b465ee728b)  -> (artifact id: '75dc174c72839285aa5ec1be62a125cf') in 0.006270 seconds 
  Import took 0.009220 seconds .

========================================================================
Received Import Request.
  Time since last request: 6.293626 seconds.
  path: Assets/MINE/Art/Tile/Tliepalette.prefab
  artifactKey: Guid(0c9f03ae7807c4f8eb8dba5227a12a85) Importer(815301076,1909f56bfc062723c751e8b465ee728b)
Start importing Assets/MINE/Art/Tile/Tliepalette.prefab using Guid(0c9f03ae7807c4f8eb8dba5227a12a85) Importer(815301076,1909f56bfc062723c751e8b465ee728b)  -> (artifact id: 'd76ae314ab413eb409a81860c8157ac5') in 0.007271 seconds 
  Import took 0.010130 seconds .

========================================================================
Received Import Request.
  Time since last request: 5.266574 seconds.
  path: Assets/MINE/Art/Tile/Tliepalette.prefab
  artifactKey: Guid(0c9f03ae7807c4f8eb8dba5227a12a85) Importer(815301076,1909f56bfc062723c751e8b465ee728b)
Start importing Assets/MINE/Art/Tile/Tliepalette.prefab using Guid(0c9f03ae7807c4f8eb8dba5227a12a85) Importer(815301076,1909f56bfc062723c751e8b465ee728b)  -> (artifact id: '38bc9717057c3bcf2e4ebb31e06bd87a') in 0.008562 seconds 
  Import took 0.011484 seconds .

========================================================================
Received Import Request.
  Time since last request: 2.831439 seconds.
  path: Assets/MINE/Art/Tile/Tliepalette.prefab
  artifactKey: Guid(0c9f03ae7807c4f8eb8dba5227a12a85) Importer(815301076,1909f56bfc062723c751e8b465ee728b)
Start importing Assets/MINE/Art/Tile/Tliepalette.prefab using Guid(0c9f03ae7807c4f8eb8dba5227a12a85) Importer(815301076,1909f56bfc062723c751e8b465ee728b)  -> (artifact id: 'f1e4639ff0181f1515c5cda377271847') in 0.008264 seconds 
  Import took 0.011250 seconds .

========================================================================
Received Import Request.
  Time since last request: 13.242017 seconds.
  path: Assets/MINE/Art/Tile/Tliepalette.prefab
  artifactKey: Guid(0c9f03ae7807c4f8eb8dba5227a12a85) Importer(815301076,1909f56bfc062723c751e8b465ee728b)
Start importing Assets/MINE/Art/Tile/Tliepalette.prefab using Guid(0c9f03ae7807c4f8eb8dba5227a12a85) Importer(815301076,1909f56bfc062723c751e8b465ee728b)  -> (artifact id: '21bb4a7f293c7421ce57c7255da38785') in 0.009609 seconds 
  Import took 0.012616 seconds .

========================================================================
Received Import Request.
  Time since last request: 5.653174 seconds.
  path: Assets/MINE/Art/Tile/Tliepalette.prefab
  artifactKey: Guid(0c9f03ae7807c4f8eb8dba5227a12a85) Importer(815301076,1909f56bfc062723c751e8b465ee728b)
Start importing Assets/MINE/Art/Tile/Tliepalette.prefab using Guid(0c9f03ae7807c4f8eb8dba5227a12a85) Importer(815301076,1909f56bfc062723c751e8b465ee728b)  -> (artifact id: 'e3f81b4cae5c860da3cdfa65b78c3b27') in 0.008248 seconds 
  Import took 0.011071 seconds .

========================================================================
Received Import Request.
  Time since last request: 410.849485 seconds.
  path: Assets/Tile.png
  artifactKey: Guid(a7d22e99b7c7345a6ae70590dd939933) Importer(815301076,1909f56bfc062723c751e8b465ee728b)
Start importing Assets/Tile.png using Guid(a7d22e99b7c7345a6ae70590dd939933) Importer(815301076,1909f56bfc062723c751e8b465ee728b)  -> (artifact id: '8f780c7003ea237e31d502ae18ae6b9a') in 0.021910 seconds 
  Import took 0.024980 seconds .

========================================================================
Received Import Request.
  Time since last request: 0.000144 seconds.
  path: Assets/Tile2.png
  artifactKey: Guid(bd061c8edc7c9492fa6824bb24ca3066) Importer(815301076,1909f56bfc062723c751e8b465ee728b)
Start importing Assets/Tile2.png using Guid(bd061c8edc7c9492fa6824bb24ca3066) Importer(815301076,1909f56bfc062723c751e8b465ee728b)  -> (artifact id: '8a67094fd9bfed0a514f579139fe9218') in 0.006903 seconds 
  Import took 0.009376 seconds .

========================================================================
Received Import Request.
  Time since last request: 0.000212 seconds.
  path: Assets/Tile3.png
  artifactKey: Guid(2257c0d5a2bc147ffac17f8f4b9bbb5c) Importer(815301076,1909f56bfc062723c751e8b465ee728b)
Start importing Assets/Tile3.png using Guid(2257c0d5a2bc147ffac17f8f4b9bbb5c) Importer(815301076,1909f56bfc062723c751e8b465ee728b)  -> (artifact id: '1f1ad4825bcfeff36f931ab07af42363') in 0.007387 seconds 
  Import took 0.009950 seconds .

========================================================================
Received Import Request.
  Time since last request: 278.133612 seconds.
  path: Assets/MINE/Art/Environment/New LightmapParameters.giparams
  artifactKey: Guid(053c3260835644367aefefab34ac03df) Importer(815301076,1909f56bfc062723c751e8b465ee728b)
Start importing Assets/MINE/Art/Environment/New LightmapParameters.giparams using Guid(053c3260835644367aefefab34ac03df) Importer(815301076,1909f56bfc062723c751e8b465ee728b)  -> (artifact id: '76eaa01a0e9dbbb4a54579d7c70b05bd') in 0.223856 seconds 
  Import took 0.228261 seconds .

========================================================================
Received Import Request.
  Time since last request: 90.553523 seconds.
  path: Assets/MINE/Art/Environment/Rectangular Palette.prefab
  artifactKey: Guid(3ec7cb578b4574ae4a7ca9adedb9a021) Importer(815301076,1909f56bfc062723c751e8b465ee728b)
Start importing Assets/MINE/Art/Environment/Rectangular Palette.prefab using Guid(3ec7cb578b4574ae4a7ca9adedb9a021) Importer(815301076,1909f56bfc062723c751e8b465ee728b)  -> (artifact id: '37759e13f00a557a2bd2f9c59db150cd') in 0.008090 seconds 
  Import took 0.011065 seconds .

========================================================================
Received Import Request.
  Time since last request: 60.037709 seconds.
  path: Assets/MINE/Art/Environment/Square.png
  artifactKey: Guid(6bb2247e73d0b4a6db7464c6d319642a) Importer(815301076,1909f56bfc062723c751e8b465ee728b)
Start importing Assets/MINE/Art/Environment/Square.png using Guid(6bb2247e73d0b4a6db7464c6d319642a) Importer(815301076,1909f56bfc062723c751e8b465ee728b)  -> (artifact id: 'b3adbb2b86fb06dc6e51318b9ba7f9e7') in 0.021788 seconds 
  Import took 0.024627 seconds .

========================================================================
Received Import Request.
  Time since last request: 161.863459 seconds.
  path: Assets/MINE/Art/Tile2.png
  artifactKey: Guid(03fdba71a1fcd43cba4498c71836e1c1) Importer(815301076,1909f56bfc062723c751e8b465ee728b)
Start importing Assets/MINE/Art/Tile2.png using Guid(03fdba71a1fcd43cba4498c71836e1c1) Importer(815301076,1909f56bfc062723c751e8b465ee728b)  -> (artifact id: 'f0cbc3c0b451eac248e51a50100fe234') in 0.009590 seconds 
  Import took 0.012347 seconds .

========================================================================
Received Import Request.
  Time since last request: 152.154124 seconds.
  path: Assets/MINE/Art/Rectangular Palette.prefab
  artifactKey: Guid(f4875b87f619f4083b3f8e5fc705401d) Importer(815301076,1909f56bfc062723c751e8b465ee728b)
Start importing Assets/MINE/Art/Rectangular Palette.prefab using Guid(f4875b87f619f4083b3f8e5fc705401d) Importer(815301076,1909f56bfc062723c751e8b465ee728b)  -> (artifact id: '594fb638cded7e45b92a0a1bafb92e47') in 0.008390 seconds 
  Import took 0.011305 seconds .

========================================================================
Received Import Request.
  Time since last request: 12.695839 seconds.
  path: Assets/MINE/Art/Rectangular Palette.prefab
  artifactKey: Guid(f4875b87f619f4083b3f8e5fc705401d) Importer(815301076,1909f56bfc062723c751e8b465ee728b)
Start importing Assets/MINE/Art/Rectangular Palette.prefab using Guid(f4875b87f619f4083b3f8e5fc705401d) Importer(815301076,1909f56bfc062723c751e8b465ee728b)  -> (artifact id: 'd96a741b9939e4eba4e443862ae2df6c') in 0.011949 seconds 
  Import took 0.014906 seconds .

========================================================================
Received Import Request.
  Time since last request: 1.195542 seconds.
  path: Assets/MINE/Art/Rectangular Palette.prefab
  artifactKey: Guid(f4875b87f619f4083b3f8e5fc705401d) Importer(815301076,1909f56bfc062723c751e8b465ee728b)
Start importing Assets/MINE/Art/Rectangular Palette.prefab using Guid(f4875b87f619f4083b3f8e5fc705401d) Importer(815301076,1909f56bfc062723c751e8b465ee728b)  -> (artifact id: 'ad32a45988c457b07977223b38c1ae8d') in 0.009631 seconds 
  Import took 0.012717 seconds .

========================================================================
Received Import Request.
  Time since last request: 2.220611 seconds.
  path: Assets/MINE/Art/Rectangular Palette.prefab
  artifactKey: Guid(f4875b87f619f4083b3f8e5fc705401d) Importer(815301076,1909f56bfc062723c751e8b465ee728b)
Start importing Assets/MINE/Art/Rectangular Palette.prefab using Guid(f4875b87f619f4083b3f8e5fc705401d) Importer(815301076,1909f56bfc062723c751e8b465ee728b)  -> (artifact id: '32c84dd76fb33d12a1e83ae8d558b07f') in 0.009821 seconds 
  Import took 0.012721 seconds .

========================================================================
Received Import Request.
  Time since last request: 1.204198 seconds.
  path: Assets/MINE/Art/Rectangular Palette.prefab
  artifactKey: Guid(f4875b87f619f4083b3f8e5fc705401d) Importer(815301076,1909f56bfc062723c751e8b465ee728b)
Start importing Assets/MINE/Art/Rectangular Palette.prefab using Guid(f4875b87f619f4083b3f8e5fc705401d) Importer(815301076,1909f56bfc062723c751e8b465ee728b)  -> (artifact id: 'a7fa0ff87de44d3dbac1a42c77e2161b') in 0.010074 seconds 
  Import took 0.012963 seconds .

========================================================================
Received Import Request.
  Time since last request: 2.214484 seconds.
  path: Assets/MINE/Art/Rectangular Palette.prefab
  artifactKey: Guid(f4875b87f619f4083b3f8e5fc705401d) Importer(815301076,1909f56bfc062723c751e8b465ee728b)
Start importing Assets/MINE/Art/Rectangular Palette.prefab using Guid(f4875b87f619f4083b3f8e5fc705401d) Importer(815301076,1909f56bfc062723c751e8b465ee728b)  -> (artifact id: '6dbeba9c5e32af1dc96abff1ebefb0f2') in 0.010012 seconds 
  Import took 0.012898 seconds .

========================================================================
Received Import Request.
  Time since last request: 122.323150 seconds.
  path: Assets/MINE/Art/Tile2.png
  artifactKey: Guid(03fdba71a1fcd43cba4498c71836e1c1) Importer(815301076,1909f56bfc062723c751e8b465ee728b)
Start importing Assets/MINE/Art/Tile2.png using Guid(03fdba71a1fcd43cba4498c71836e1c1) Importer(815301076,1909f56bfc062723c751e8b465ee728b)  -> (artifact id: '0245c58f534b105dea5105679d81fb2e') in 0.010710 seconds 
  Import took 0.013540 seconds .

========================================================================
Received Import Request.
  Time since last request: 4.483351 seconds.
  path: Assets/MINE/Art/Rectangular Palette.prefab
  artifactKey: Guid(f4875b87f619f4083b3f8e5fc705401d) Importer(815301076,1909f56bfc062723c751e8b465ee728b)
Start importing Assets/MINE/Art/Rectangular Palette.prefab using Guid(f4875b87f619f4083b3f8e5fc705401d) Importer(815301076,1909f56bfc062723c751e8b465ee728b)  -> (artifact id: '36c040e96cfc0ad60be0c1bd2a8969a0') in 0.010335 seconds 
  Import took 0.013487 seconds .

========================================================================
Received Import Request.
  Time since last request: 1.204420 seconds.
  path: Assets/MINE/Art/Rectangular Palette.prefab
  artifactKey: Guid(f4875b87f619f4083b3f8e5fc705401d) Importer(815301076,1909f56bfc062723c751e8b465ee728b)
Start importing Assets/MINE/Art/Rectangular Palette.prefab using Guid(f4875b87f619f4083b3f8e5fc705401d) Importer(815301076,1909f56bfc062723c751e8b465ee728b)  -> (artifact id: 'b4971b310502a0e608e87504cca81be7') in 0.008248 seconds 
  Import took 0.011232 seconds .

========================================================================
Received Import Request.
  Time since last request: 1.195431 seconds.
  path: Assets/MINE/Art/Rectangular Palette.prefab
  artifactKey: Guid(f4875b87f619f4083b3f8e5fc705401d) Importer(815301076,1909f56bfc062723c751e8b465ee728b)
Start importing Assets/MINE/Art/Rectangular Palette.prefab using Guid(f4875b87f619f4083b3f8e5fc705401d) Importer(815301076,1909f56bfc062723c751e8b465ee728b)  -> (artifact id: '91b6829ecdf9a7e9b303bca9e49cc755') in 0.010123 seconds 
  Import took 0.013017 seconds .

========================================================================
Received Import Request.
  Time since last request: 1.609859 seconds.
  path: Assets/MINE/Art/Rectangular Palette.prefab
  artifactKey: Guid(f4875b87f619f4083b3f8e5fc705401d) Importer(815301076,1909f56bfc062723c751e8b465ee728b)
Start importing Assets/MINE/Art/Rectangular Palette.prefab using Guid(f4875b87f619f4083b3f8e5fc705401d) Importer(815301076,1909f56bfc062723c751e8b465ee728b)  -> (artifact id: 'c2824290c21ae5865218de2fbb05c9f4') in 0.009181 seconds 
  Import took 0.011995 seconds .

========================================================================
Received Import Request.
  Time since last request: 14.845958 seconds.
  path: Assets/MINE/Art/Tile2.png
  artifactKey: Guid(03fdba71a1fcd43cba4498c71836e1c1) Importer(815301076,1909f56bfc062723c751e8b465ee728b)
Start importing Assets/MINE/Art/Tile2.png using Guid(03fdba71a1fcd43cba4498c71836e1c1) Importer(815301076,1909f56bfc062723c751e8b465ee728b)  -> (artifact id: '300d7daf763eabb41a30da02d6506110') in 0.011035 seconds 
  Import took 0.013912 seconds .

========================================================================
Received Import Request.
  Time since last request: 21.225771 seconds.
  path: Assets/MINE/Art/Tile2.png
  artifactKey: Guid(03fdba71a1fcd43cba4498c71836e1c1) Importer(815301076,1909f56bfc062723c751e8b465ee728b)
Start importing Assets/MINE/Art/Tile2.png using Guid(03fdba71a1fcd43cba4498c71836e1c1) Importer(815301076,1909f56bfc062723c751e8b465ee728b)  -> (artifact id: '079d757ac30a56a5fddee413d2839531') in 0.009769 seconds 
  Import took 0.012655 seconds .

========================================================================
Received Import Request.
  Time since last request: 184.685796 seconds.
  path: Assets/Underwater Diving/Art
  artifactKey: Guid(78372dad305024e4ca80950c42cbdcb9) Importer(815301076,1909f56bfc062723c751e8b465ee728b)
Start importing Assets/Underwater Diving/Art using Guid(78372dad305024e4ca80950c42cbdcb9) Importer(815301076,1909f56bfc062723c751e8b465ee728b)  -> (artifact id: '4a1a7afed7ad66a897efc5ab0bba6ebb') in 0.001151 seconds 
  Import took 0.003738 seconds .

========================================================================
Received Import Request.
  Time since last request: 0.995734 seconds.
  path: Assets/Underwater Diving/Art/Sprites
  artifactKey: Guid(e0cab1a8152d849869cbc4905efe42c7) Importer(815301076,1909f56bfc062723c751e8b465ee728b)
Start importing Assets/Underwater Diving/Art/Sprites using Guid(e0cab1a8152d849869cbc4905efe42c7) Importer(815301076,1909f56bfc062723c751e8b465ee728b)  -> (artifact id: '9265c78bbfd177bc925a393bf9fac1cf') in 0.000920 seconds 
  Import took 0.003573 seconds .

========================================================================
Received Import Request.
  Time since last request: 0.980755 seconds.
  path: Assets/Underwater Diving/Art/Sprites/enemies
  artifactKey: Guid(b57dc350f0e784f25908f402b800e4fa) Importer(815301076,1909f56bfc062723c751e8b465ee728b)
Start importing Assets/Underwater Diving/Art/Sprites/enemies using Guid(b57dc350f0e784f25908f402b800e4fa) Importer(815301076,1909f56bfc062723c751e8b465ee728b)  -> (artifact id: '752acdff91ae819be8135d44eef7eb66') in 0.001038 seconds 
  Import took 0.003652 seconds .

========================================================================
Received Import Request.
  Time since last request: 0.107903 seconds.
  path: Assets/Underwater Diving/Art/Sprites/enemies/fish-big.png
  artifactKey: Guid(9ac146eb965354e8dabdbeef12886ea6) Importer(815301076,1909f56bfc062723c751e8b465ee728b)
Start importing Assets/Underwater Diving/Art/Sprites/enemies/fish-big.png using Guid(9ac146eb965354e8dabdbeef12886ea6) Importer(815301076,1909f56bfc062723c751e8b465ee728b)  -> (artifact id: '9d877a0408df4ab4000df17b86eef4bb') in 0.014241 seconds 
  Import took 0.017495 seconds .

========================================================================
Received Import Request.
  Time since last request: 0.000168 seconds.
  path: Assets/Underwater Diving/Art/Sprites/enemies/mine-big.png
  artifactKey: Guid(05369b779c28f424f8c1c0591a2ea641) Importer(815301076,1909f56bfc062723c751e8b465ee728b)
Start importing Assets/Underwater Diving/Art/Sprites/enemies/mine-big.png using Guid(05369b779c28f424f8c1c0591a2ea641) Importer(815301076,1909f56bfc062723c751e8b465ee728b)  -> (artifact id: 'cc38d15a47c3902237e2718e6eedd237') in 0.008767 seconds 
  Import took 0.011235 seconds .

========================================================================
Received Import Request.
  Time since last request: 0.000145 seconds.
  path: Assets/Underwater Diving/Art/Sprites/enemies/fish-dart.png
  artifactKey: Guid(8d8fcb55193164e91ac37310dfdde8b8) Importer(815301076,1909f56bfc062723c751e8b465ee728b)
Start importing Assets/Underwater Diving/Art/Sprites/enemies/fish-dart.png using Guid(8d8fcb55193164e91ac37310dfdde8b8) Importer(815301076,1909f56bfc062723c751e8b465ee728b)  -> (artifact id: 'a1f49fc9738890e374bb00e03dad70ec') in 0.012843 seconds 
  Import took 0.015250 seconds .

========================================================================
Received Import Request.
  Time since last request: 0.000137 seconds.
  path: Assets/Underwater Diving/Art/Sprites/enemies/mine-small.png
  artifactKey: Guid(ce4fad113cae74a44a9992ce05d0515a) Importer(815301076,1909f56bfc062723c751e8b465ee728b)
Start importing Assets/Underwater Diving/Art/Sprites/enemies/mine-small.png using Guid(ce4fad113cae74a44a9992ce05d0515a) Importer(815301076,1909f56bfc062723c751e8b465ee728b)  -> (artifact id: '6861e4e1c81e4c85cf940003aee1f166') in 0.009481 seconds 
  Import took 0.012112 seconds .

========================================================================
Received Import Request.
  Time since last request: 0.000141 seconds.
  path: Assets/Underwater Diving/Art/Sprites/enemies/mine.png
  artifactKey: Guid(aabc84da35c3d40b6927746b95c9f3b3) Importer(815301076,1909f56bfc062723c751e8b465ee728b)
Start importing Assets/Underwater Diving/Art/Sprites/enemies/mine.png using Guid(aabc84da35c3d40b6927746b95c9f3b3) Importer(815301076,1909f56bfc062723c751e8b465ee728b)  -> (artifact id: 'c6210423c1430a6fcb9bf78c729c949b') in 0.008095 seconds 
  Import took 0.010710 seconds .

========================================================================
Received Import Request.
  Time since last request: 0.000143 seconds.
  path: Assets/Underwater Diving/Art/Sprites/enemies/fish.png
  artifactKey: Guid(7f693c6fbc46f4747a546f7368862469) Importer(815301076,1909f56bfc062723c751e8b465ee728b)
Start importing Assets/Underwater Diving/Art/Sprites/enemies/fish.png using Guid(7f693c6fbc46f4747a546f7368862469) Importer(815301076,1909f56bfc062723c751e8b465ee728b)  -> (artifact id: '6ee59e2b152125748f2cee36d35a36db') in 0.013400 seconds 
  Import took 0.015814 seconds .

========================================================================
Received Import Request.
  Time since last request: 1.396951 seconds.
  path: Assets/Underwater Diving/Art/Misc/instructions.png
  artifactKey: Guid(a3dd472c2ee164fe68bc5d4a53c3c37a) Importer(815301076,1909f56bfc062723c751e8b465ee728b)
Start importing Assets/Underwater Diving/Art/Misc/instructions.png using Guid(a3dd472c2ee164fe68bc5d4a53c3c37a) Importer(815301076,1909f56bfc062723c751e8b465ee728b)  -> (artifact id: 'fac38e67eedb9d748b663e8b7b9c1104') in 0.010141 seconds 
  Import took 0.013349 seconds .

========================================================================
Received Import Request.
  Time since last request: 0.000145 seconds.
  path: Assets/Underwater Diving/Art/Misc/title-corner.png
  artifactKey: Guid(b53e745aaa95f42fb8401a0c6ad74db9) Importer(815301076,1909f56bfc062723c751e8b465ee728b)
Start importing Assets/Underwater Diving/Art/Misc/title-corner.png using Guid(b53e745aaa95f42fb8401a0c6ad74db9) Importer(815301076,1909f56bfc062723c751e8b465ee728b)  -> (artifact id: '14e4041ef1e90713f54e332402482bef') in 0.008634 seconds 
  Import took 0.011031 seconds .

========================================================================
Received Import Request.
  Time since last request: 0.000151 seconds.
  path: Assets/Underwater Diving/Art/Misc/title-disclaimer.png
  artifactKey: Guid(b5b1d2f70c86b4444b946ee577459fb7) Importer(815301076,1909f56bfc062723c751e8b465ee728b)
Start importing Assets/Underwater Diving/Art/Misc/title-disclaimer.png using Guid(b5b1d2f70c86b4444b946ee577459fb7) Importer(815301076,1909f56bfc062723c751e8b465ee728b)  -> (artifact id: 'a89c32a6342e424cd4923f65b582a75e') in 0.008076 seconds 
  Import took 0.010654 seconds .

========================================================================
Received Import Request.
  Time since last request: 0.000139 seconds.
  path: Assets/Underwater Diving/Art/Misc/title-press-enter.png
  artifactKey: Guid(167de967073da4f1d8f641f2de98687b) Importer(815301076,1909f56bfc062723c751e8b465ee728b)
Start importing Assets/Underwater Diving/Art/Misc/title-press-enter.png using Guid(167de967073da4f1d8f641f2de98687b) Importer(815301076,1909f56bfc062723c751e8b465ee728b)  -> (artifact id: '8d82304477eac90d3463c7d2482caf48') in 0.011056 seconds 
  Import took 0.013583 seconds .

========================================================================
Received Import Request.
  Time since last request: 0.000157 seconds.
  path: Assets/Underwater Diving/Art/Misc/title-screen.png
  artifactKey: Guid(ea49417686dd04fd49801b6e01382d8b) Importer(815301076,1909f56bfc062723c751e8b465ee728b)
Start importing Assets/Underwater Diving/Art/Misc/title-screen.png using Guid(ea49417686dd04fd49801b6e01382d8b) Importer(815301076,1909f56bfc062723c751e8b465ee728b)  -> (artifact id: '696ab987d35ea55fd8813a39e6030e52') in 0.009322 seconds 
  Import took 0.012028 seconds .

========================================================================
Received Import Request.
  Time since last request: 2.515337 seconds.
  path: Assets/Underwater Diving/Art/environment/background.png
  artifactKey: Guid(cbb5acb5e6a8d4ad195e8d4ab37a8741) Importer(815301076,1909f56bfc062723c751e8b465ee728b)
Start importing Assets/Underwater Diving/Art/environment/background.png using Guid(cbb5acb5e6a8d4ad195e8d4ab37a8741) Importer(815301076,1909f56bfc062723c751e8b465ee728b)  -> (artifact id: 'e893343da23a3fbcc2acceae7656db9d') in 0.010547 seconds 
  Import took 0.013573 seconds .

========================================================================
Received Import Request.
  Time since last request: 0.000192 seconds.
  path: Assets/Underwater Diving/Art/environment/tiles.png
  artifactKey: Guid(5b55c74b8e9ea43a29f951378cf9eb1c) Importer(815301076,1909f56bfc062723c751e8b465ee728b)
Start importing Assets/Underwater Diving/Art/environment/tiles.png using Guid(5b55c74b8e9ea43a29f951378cf9eb1c) Importer(815301076,1909f56bfc062723c751e8b465ee728b)  -> (artifact id: 'a9eb0375a294e3bcd165214ae7ad9129') in 0.077206 seconds 
  Import took 0.079740 seconds .

========================================================================
Received Import Request.
  Time since last request: 0.000138 seconds.
  path: Assets/Underwater Diving/Art/environment/props.png
  artifactKey: Guid(339ae30d784fb4471baf2f068096b394) Importer(815301076,1909f56bfc062723c751e8b465ee728b)
Start importing Assets/Underwater Diving/Art/environment/props.png using Guid(339ae30d784fb4471baf2f068096b394) Importer(815301076,1909f56bfc062723c751e8b465ee728b)  -> (artifact id: '73cd19c8dd21aeb9a0ff23034428a6ab') in 0.031056 seconds 
  Import took 0.033602 seconds .

========================================================================
Received Import Request.
  Time since last request: 0.000140 seconds.
  path: Assets/Underwater Diving/Art/environment/midground.png
  artifactKey: Guid(6fc4dcfbb981e4214a6fe5a2efaf6481) Importer(815301076,1909f56bfc062723c751e8b465ee728b)
Start importing Assets/Underwater Diving/Art/environment/midground.png using Guid(6fc4dcfbb981e4214a6fe5a2efaf6481) Importer(815301076,1909f56bfc062723c751e8b465ee728b)  -> (artifact id: '86c89d36edf10016fab55e3cb9974a37') in 0.010304 seconds 
  Import took 0.012810 seconds .

========================================================================
Received Import Request.
  Time since last request: 6.482981 seconds.
  path: Assets/MINE/Art/Rectangular Palette.prefab
  artifactKey: Guid(f4875b87f619f4083b3f8e5fc705401d) Importer(815301076,1909f56bfc062723c751e8b465ee728b)
Start importing Assets/MINE/Art/Rectangular Palette.prefab using Guid(f4875b87f619f4083b3f8e5fc705401d) Importer(815301076,1909f56bfc062723c751e8b465ee728b)  -> (artifact id: 'd3e07c77fab5235eb3ad10b43976c919') in 0.007060 seconds 
  Import took 0.010218 seconds .

========================================================================
Received Prepare
Registering precompiled user dll's ...
Registered in 0.004074 seconds.
Begin MonoManager ReloadAssembly
Native extension for OSXStandalone target not found
Refreshing native plugins compatible for Editor in 0.40 ms, found 3 plugins.
Preloading 0 native plugins for Editor in 0.00 ms.
Mono: successfully reloaded assembly
- Completed reload, in  0.948 seconds
Domain Reload Profiling:
	ReloadAssembly (948ms)
		BeginReloadAssembly (104ms)
			ExecutionOrderSort (0ms)
			DisableScriptedObjects (6ms)
			BackupInstance (0ms)
			ReleaseScriptingObjects (0ms)
			CreateAndSetChildDomain (51ms)
		EndReloadAssembly (789ms)
			LoadAssemblies (61ms)
			RebuildTransferFunctionScriptingTraits (0ms)
			SetupTypeCache (299ms)
			ReleaseScriptCaches (1ms)
			RebuildScriptCaches (43ms)
			SetupLoadedEditorAssemblies (279ms)
				LogAssemblyErrors (0ms)
				InitializePlatformSupportModulesInManaged (3ms)
				SetLoadedEditorAssemblies (0ms)
				RefreshPlugins (0ms)
				BeforeProcessingInitializeOnLoad (83ms)
				ProcessInitializeOnLoadAttributes (181ms)
				ProcessInitializeOnLoadMethodAttributes (9ms)
				AfterProcessingInitializeOnLoad (1ms)
				EditorAssembliesLoaded (0ms)
			ExecutionOrderSort2 (0ms)
			AwakeInstancesAfterBackupRestoration (8ms)
Platform modules already initialized, skipping
Refreshing native plugins compatible for Editor in 0.40 ms, found 3 plugins.
Preloading 0 native plugins for Editor in 0.00 ms.
Unloading 2199 Unused Serialized files (Serialized files now loaded: 0)
System memory in use before: 227.5 MB.
System memory in use after: 227.6 MB.

Unloading 24 unused Assets to reduce memory usage. Loaded Objects now: 2770.
Total: 2.388339 ms (FindLiveObjects: 0.153358 ms CreateObjectMapping: 0.078753 ms MarkObjects: 2.077049 ms  DeleteObjects: 0.078378 ms)

AssetImportParameters requested are different than current active one (requested -> active):
  custom:video-decoder-ogg-theora: a1e56fd34408186e4bbccfd4996cb3dc -> 
  custom:container-muxer-webm: aa71ff27fc2769a1b78a27578f13a17b -> 
  custom:container-demuxer-webm: 4f35f7cbe854078d1ac9338744f61a02 -> 
  custom:container-demuxer-ogg: 62fdf1f143b41e24485cea50d1cbac27 -> 
  custom:video-encoder-webm-vp8: eb34c28f22e8b96e1ab97ce403110664 -> 
  custom:framework-osx-AVFoundation: e770b220cccbd017edd2c1fefb359320 -> 
  custom:video-decoder-webm-vp8: 9c59270c3fd7afecdb556c50c9e8de78 -> 
  custom:audio-decoder-ogg-vorbis: bf7c407c2cedff20999df2af8eb42d56 -> 
  custom:audio-encoder-webm-vorbis: bf7c407c2cedff20999df2af8eb42d56 -> 
========================================================================
Received Prepare
Registering precompiled user dll's ...
Registered in 0.001738 seconds.
Begin MonoManager ReloadAssembly
Native extension for OSXStandalone target not found
Refreshing native plugins compatible for Editor in 0.43 ms, found 3 plugins.
Preloading 0 native plugins for Editor in 0.00 ms.
Mono: successfully reloaded assembly
- Completed reload, in  0.956 seconds
Domain Reload Profiling:
	ReloadAssembly (957ms)
		BeginReloadAssembly (107ms)
			ExecutionOrderSort (0ms)
			DisableScriptedObjects (6ms)
			BackupInstance (0ms)
			ReleaseScriptingObjects (0ms)
			CreateAndSetChildDomain (55ms)
		EndReloadAssembly (795ms)
			LoadAssemblies (61ms)
			RebuildTransferFunctionScriptingTraits (0ms)
			SetupTypeCache (305ms)
			ReleaseScriptCaches (1ms)
			RebuildScriptCaches (44ms)
			SetupLoadedEditorAssemblies (278ms)
				LogAssemblyErrors (0ms)
				InitializePlatformSupportModulesInManaged (4ms)
				SetLoadedEditorAssemblies (0ms)
				RefreshPlugins (0ms)
				BeforeProcessingInitializeOnLoad (84ms)
				ProcessInitializeOnLoadAttributes (178ms)
				ProcessInitializeOnLoadMethodAttributes (9ms)
				AfterProcessingInitializeOnLoad (1ms)
				EditorAssembliesLoaded (0ms)
			ExecutionOrderSort2 (0ms)
			AwakeInstancesAfterBackupRestoration (8ms)
Platform modules already initialized, skipping
Refreshing native plugins compatible for Editor in 0.38 ms, found 3 plugins.
Preloading 0 native plugins for Editor in 0.00 ms.
Unloading 2199 Unused Serialized files (Serialized files now loaded: 0)
System memory in use before: 227.7 MB.
System memory in use after: 227.8 MB.

Unloading 23 unused Assets to reduce memory usage. Loaded Objects now: 2772.
Total: 2.449277 ms (FindLiveObjects: 0.174331 ms CreateObjectMapping: 0.088022 ms MarkObjects: 2.099159 ms  DeleteObjects: 0.087165 ms)

AssetImportParameters requested are different than current active one (requested -> active):
  custom:video-decoder-ogg-theora: a1e56fd34408186e4bbccfd4996cb3dc -> 
  custom:container-muxer-webm: aa71ff27fc2769a1b78a27578f13a17b -> 
  custom:container-demuxer-webm: 4f35f7cbe854078d1ac9338744f61a02 -> 
  custom:container-demuxer-ogg: 62fdf1f143b41e24485cea50d1cbac27 -> 
  custom:video-encoder-webm-vp8: eb34c28f22e8b96e1ab97ce403110664 -> 
  custom:framework-osx-AVFoundation: e770b220cccbd017edd2c1fefb359320 -> 
  custom:video-decoder-webm-vp8: 9c59270c3fd7afecdb556c50c9e8de78 -> 
  custom:audio-decoder-ogg-vorbis: bf7c407c2cedff20999df2af8eb42d56 -> 
  custom:audio-encoder-webm-vorbis: bf7c407c2cedff20999df2af8eb42d56 -> 
========================================================================
Received Prepare
Registering precompiled user dll's ...
Registered in 0.001710 seconds.
Begin MonoManager ReloadAssembly
Native extension for OSXStandalone target not found
Refreshing native plugins compatible for Editor in 0.42 ms, found 3 plugins.
Preloading 0 native plugins for Editor in 0.00 ms.
Mono: successfully reloaded assembly
- Completed reload, in  0.931 seconds
Domain Reload Profiling:
	ReloadAssembly (931ms)
		BeginReloadAssembly (101ms)
			ExecutionOrderSort (0ms)
			DisableScriptedObjects (5ms)
			BackupInstance (0ms)
			ReleaseScriptingObjects (0ms)
			CreateAndSetChildDomain (49ms)
		EndReloadAssembly (775ms)
			LoadAssemblies (62ms)
			RebuildTransferFunctionScriptingTraits (0ms)
			SetupTypeCache (292ms)
			ReleaseScriptCaches (1ms)
			RebuildScriptCaches (42ms)
			SetupLoadedEditorAssemblies (275ms)
				LogAssemblyErrors (0ms)
				InitializePlatformSupportModulesInManaged (4ms)
				SetLoadedEditorAssemblies (0ms)
				RefreshPlugins (0ms)
				BeforeProcessingInitializeOnLoad (82ms)
				ProcessInitializeOnLoadAttributes (177ms)
				ProcessInitializeOnLoadMethodAttributes (9ms)
				AfterProcessingInitializeOnLoad (1ms)
				EditorAssembliesLoaded (0ms)
			ExecutionOrderSort2 (0ms)
			AwakeInstancesAfterBackupRestoration (8ms)
Platform modules already initialized, skipping
Refreshing native plugins compatible for Editor in 0.57 ms, found 3 plugins.
Preloading 0 native plugins for Editor in 0.00 ms.
Unloading 2199 Unused Serialized files (Serialized files now loaded: 0)
System memory in use before: 227.9 MB.
System memory in use after: 228.0 MB.

Unloading 23 unused Assets to reduce memory usage. Loaded Objects now: 2774.
Total: 3.599649 ms (FindLiveObjects: 0.198302 ms CreateObjectMapping: 0.132070 ms MarkObjects: 3.153742 ms  DeleteObjects: 0.114435 ms)

AssetImportParameters requested are different than current active one (requested -> active):
  custom:video-decoder-ogg-theora: a1e56fd34408186e4bbccfd4996cb3dc -> 
  custom:container-muxer-webm: aa71ff27fc2769a1b78a27578f13a17b -> 
  custom:container-demuxer-webm: 4f35f7cbe854078d1ac9338744f61a02 -> 
  custom:container-demuxer-ogg: 62fdf1f143b41e24485cea50d1cbac27 -> 
  custom:video-encoder-webm-vp8: eb34c28f22e8b96e1ab97ce403110664 -> 
  custom:framework-osx-AVFoundation: e770b220cccbd017edd2c1fefb359320 -> 
  custom:video-decoder-webm-vp8: 9c59270c3fd7afecdb556c50c9e8de78 -> 
  custom:audio-decoder-ogg-vorbis: bf7c407c2cedff20999df2af8eb42d56 -> 
  custom:audio-encoder-webm-vorbis: bf7c407c2cedff20999df2af8eb42d56 -> 
========================================================================
Received Prepare
Registering precompiled user dll's ...
Registered in 0.001694 seconds.
Begin MonoManager ReloadAssembly
Native extension for OSXStandalone target not found
Refreshing native plugins compatible for Editor in 0.40 ms, found 3 plugins.
Preloading 0 native plugins for Editor in 0.00 ms.
Mono: successfully reloaded assembly
- Completed reload, in  0.939 seconds
Domain Reload Profiling:
	ReloadAssembly (940ms)
		BeginReloadAssembly (106ms)
			ExecutionOrderSort (0ms)
			DisableScriptedObjects (6ms)
			BackupInstance (0ms)
			ReleaseScriptingObjects (0ms)
			CreateAndSetChildDomain (54ms)
		EndReloadAssembly (780ms)
			LoadAssemblies (62ms)
			RebuildTransferFunctionScriptingTraits (0ms)
			SetupTypeCache (294ms)
			ReleaseScriptCaches (1ms)
			RebuildScriptCaches (43ms)
			SetupLoadedEditorAssemblies (276ms)
				LogAssemblyErrors (0ms)
				InitializePlatformSupportModulesInManaged (3ms)
				SetLoadedEditorAssemblies (0ms)
				RefreshPlugins (0ms)
				BeforeProcessingInitializeOnLoad (83ms)
				ProcessInitializeOnLoadAttributes (178ms)
				ProcessInitializeOnLoadMethodAttributes (10ms)
				AfterProcessingInitializeOnLoad (1ms)
				EditorAssembliesLoaded (0ms)
			ExecutionOrderSort2 (0ms)
			AwakeInstancesAfterBackupRestoration (8ms)
Platform modules already initialized, skipping
Refreshing native plugins compatible for Editor in 0.41 ms, found 3 plugins.
Preloading 0 native plugins for Editor in 0.00 ms.
Unloading 2199 Unused Serialized files (Serialized files now loaded: 0)
System memory in use before: 228.1 MB.
System memory in use after: 228.2 MB.

Unloading 23 unused Assets to reduce memory usage. Loaded Objects now: 2776.
Total: 2.390445 ms (FindLiveObjects: 0.154050 ms CreateObjectMapping: 0.075517 ms MarkObjects: 2.075628 ms  DeleteObjects: 0.084705 ms)

AssetImportParameters requested are different than current active one (requested -> active):
  custom:video-decoder-ogg-theora: a1e56fd34408186e4bbccfd4996cb3dc -> 
  custom:container-muxer-webm: aa71ff27fc2769a1b78a27578f13a17b -> 
  custom:container-demuxer-webm: 4f35f7cbe854078d1ac9338744f61a02 -> 
  custom:container-demuxer-ogg: 62fdf1f143b41e24485cea50d1cbac27 -> 
  custom:video-encoder-webm-vp8: eb34c28f22e8b96e1ab97ce403110664 -> 
  custom:framework-osx-AVFoundation: e770b220cccbd017edd2c1fefb359320 -> 
  custom:video-decoder-webm-vp8: 9c59270c3fd7afecdb556c50c9e8de78 -> 
  custom:audio-decoder-ogg-vorbis: bf7c407c2cedff20999df2af8eb42d56 -> 
  custom:audio-encoder-webm-vorbis: bf7c407c2cedff20999df2af8eb42d56 -> 
========================================================================
Received Prepare
Registering precompiled user dll's ...
Registered in 0.001661 seconds.
Begin MonoManager ReloadAssembly
Native extension for OSXStandalone target not found
Refreshing native plugins compatible for Editor in 0.41 ms, found 3 plugins.
Preloading 0 native plugins for Editor in 0.00 ms.
Mono: successfully reloaded assembly
- Completed reload, in  0.948 seconds
Domain Reload Profiling:
	ReloadAssembly (948ms)
		BeginReloadAssembly (105ms)
			ExecutionOrderSort (0ms)
			DisableScriptedObjects (5ms)
			BackupInstance (0ms)
			ReleaseScriptingObjects (0ms)
			CreateAndSetChildDomain (53ms)
		EndReloadAssembly (788ms)
			LoadAssemblies (62ms)
			RebuildTransferFunctionScriptingTraits (0ms)
			SetupTypeCache (294ms)
			ReleaseScriptCaches (1ms)
			RebuildScriptCaches (45ms)
			SetupLoadedEditorAssemblies (281ms)
				LogAssemblyErrors (0ms)
				InitializePlatformSupportModulesInManaged (4ms)
				SetLoadedEditorAssemblies (0ms)
				RefreshPlugins (0ms)
				BeforeProcessingInitializeOnLoad (85ms)
				ProcessInitializeOnLoadAttributes (181ms)
				ProcessInitializeOnLoadMethodAttributes (10ms)
				AfterProcessingInitializeOnLoad (1ms)
				EditorAssembliesLoaded (0ms)
			ExecutionOrderSort2 (0ms)
			AwakeInstancesAfterBackupRestoration (8ms)
Platform modules already initialized, skipping
Refreshing native plugins compatible for Editor in 0.39 ms, found 3 plugins.
Preloading 0 native plugins for Editor in 0.00 ms.
Unloading 2199 Unused Serialized files (Serialized files now loaded: 0)
System memory in use before: 228.3 MB.
System memory in use after: 228.4 MB.

Unloading 23 unused Assets to reduce memory usage. Loaded Objects now: 2778.
Total: 2.396466 ms (FindLiveObjects: 0.150559 ms CreateObjectMapping: 0.074917 ms MarkObjects: 2.085039 ms  DeleteObjects: 0.085435 ms)

AssetImportParameters requested are different than current active one (requested -> active):
  custom:video-decoder-ogg-theora: a1e56fd34408186e4bbccfd4996cb3dc -> 
  custom:container-muxer-webm: aa71ff27fc2769a1b78a27578f13a17b -> 
  custom:container-demuxer-webm: 4f35f7cbe854078d1ac9338744f61a02 -> 
  custom:container-demuxer-ogg: 62fdf1f143b41e24485cea50d1cbac27 -> 
  custom:video-encoder-webm-vp8: eb34c28f22e8b96e1ab97ce403110664 -> 
  custom:framework-osx-AVFoundation: e770b220cccbd017edd2c1fefb359320 -> 
  custom:video-decoder-webm-vp8: 9c59270c3fd7afecdb556c50c9e8de78 -> 
  custom:audio-decoder-ogg-vorbis: bf7c407c2cedff20999df2af8eb42d56 -> 
  custom:audio-encoder-webm-vorbis: bf7c407c2cedff20999df2af8eb42d56 -> 
========================================================================
Received Prepare
Registering precompiled user dll's ...
Registered in 0.001748 seconds.
Begin MonoManager ReloadAssembly
Native extension for OSXStandalone target not found
Refreshing native plugins compatible for Editor in 0.41 ms, found 3 plugins.
Preloading 0 native plugins for Editor in 0.00 ms.
Mono: successfully reloaded assembly
- Completed reload, in  0.951 seconds
Domain Reload Profiling:
	ReloadAssembly (952ms)
		BeginReloadAssembly (106ms)
			ExecutionOrderSort (0ms)
			DisableScriptedObjects (6ms)
			BackupInstance (0ms)
			ReleaseScriptingObjects (0ms)
			CreateAndSetChildDomain (53ms)
		EndReloadAssembly (792ms)
			LoadAssemblies (62ms)
			RebuildTransferFunctionScriptingTraits (0ms)
			SetupTypeCache (297ms)
			ReleaseScriptCaches (1ms)
			RebuildScriptCaches (42ms)
			SetupLoadedEditorAssemblies (285ms)
				LogAssemblyErrors (0ms)
				InitializePlatformSupportModulesInManaged (4ms)
				SetLoadedEditorAssemblies (0ms)
				RefreshPlugins (0ms)
				BeforeProcessingInitializeOnLoad (84ms)
				ProcessInitializeOnLoadAttributes (186ms)
				ProcessInitializeOnLoadMethodAttributes (10ms)
				AfterProcessingInitializeOnLoad (1ms)
				EditorAssembliesLoaded (0ms)
			ExecutionOrderSort2 (0ms)
			AwakeInstancesAfterBackupRestoration (8ms)
Platform modules already initialized, skipping
Refreshing native plugins compatible for Editor in 0.40 ms, found 3 plugins.
Preloading 0 native plugins for Editor in 0.00 ms.
Unloading 2199 Unused Serialized files (Serialized files now loaded: 0)
System memory in use before: 228.5 MB.
System memory in use after: 228.5 MB.

Unloading 23 unused Assets to reduce memory usage. Loaded Objects now: 2780.
Total: 2.410171 ms (FindLiveObjects: 0.158425 ms CreateObjectMapping: 0.081846 ms MarkObjects: 2.082959 ms  DeleteObjects: 0.086378 ms)

AssetImportParameters requested are different than current active one (requested -> active):
  custom:video-decoder-ogg-theora: a1e56fd34408186e4bbccfd4996cb3dc -> 
  custom:container-muxer-webm: aa71ff27fc2769a1b78a27578f13a17b -> 
  custom:container-demuxer-webm: 4f35f7cbe854078d1ac9338744f61a02 -> 
  custom:container-demuxer-ogg: 62fdf1f143b41e24485cea50d1cbac27 -> 
  custom:video-encoder-webm-vp8: eb34c28f22e8b96e1ab97ce403110664 -> 
  custom:framework-osx-AVFoundation: e770b220cccbd017edd2c1fefb359320 -> 
  custom:video-decoder-webm-vp8: 9c59270c3fd7afecdb556c50c9e8de78 -> 
  custom:audio-decoder-ogg-vorbis: bf7c407c2cedff20999df2af8eb42d56 -> 
  custom:audio-encoder-webm-vorbis: bf7c407c2cedff20999df2af8eb42d56 -> 
========================================================================
Received Prepare
Registering precompiled user dll's ...
Registered in 0.001672 seconds.
Begin MonoManager ReloadAssembly
Native extension for OSXStandalone target not found
Refreshing native plugins compatible for Editor in 0.42 ms, found 3 plugins.
Preloading 0 native plugins for Editor in 0.00 ms.
Mono: successfully reloaded assembly
- Completed reload, in  0.954 seconds
Domain Reload Profiling:
	ReloadAssembly (955ms)
		BeginReloadAssembly (105ms)
			ExecutionOrderSort (0ms)
			DisableScriptedObjects (5ms)
			BackupInstance (0ms)
			ReleaseScriptingObjects (0ms)
			CreateAndSetChildDomain (53ms)
		EndReloadAssembly (794ms)
			LoadAssemblies (62ms)
			RebuildTransferFunctionScriptingTraits (0ms)
			SetupTypeCache (297ms)
			ReleaseScriptCaches (1ms)
			RebuildScriptCaches (45ms)
			SetupLoadedEditorAssemblies (283ms)
				LogAssemblyErrors (0ms)
				InitializePlatformSupportModulesInManaged (4ms)
				SetLoadedEditorAssemblies (0ms)
				RefreshPlugins (0ms)
				BeforeProcessingInitializeOnLoad (84ms)
				ProcessInitializeOnLoadAttributes (184ms)
				ProcessInitializeOnLoadMethodAttributes (10ms)
				AfterProcessingInitializeOnLoad (1ms)
				EditorAssembliesLoaded (0ms)
			ExecutionOrderSort2 (0ms)
			AwakeInstancesAfterBackupRestoration (8ms)
Platform modules already initialized, skipping
Refreshing native plugins compatible for Editor in 0.41 ms, found 3 plugins.
Preloading 0 native plugins for Editor in 0.00 ms.
Unloading 2199 Unused Serialized files (Serialized files now loaded: 0)
System memory in use before: 228.7 MB.
System memory in use after: 228.7 MB.

Unloading 23 unused Assets to reduce memory usage. Loaded Objects now: 2782.
Total: 2.455769 ms (FindLiveObjects: 0.164946 ms CreateObjectMapping: 0.081586 ms MarkObjects: 2.121728 ms  DeleteObjects: 0.086987 ms)

AssetImportParameters requested are different than current active one (requested -> active):
  custom:video-decoder-ogg-theora: a1e56fd34408186e4bbccfd4996cb3dc -> 
  custom:container-muxer-webm: aa71ff27fc2769a1b78a27578f13a17b -> 
  custom:container-demuxer-webm: 4f35f7cbe854078d1ac9338744f61a02 -> 
  custom:container-demuxer-ogg: 62fdf1f143b41e24485cea50d1cbac27 -> 
  custom:video-encoder-webm-vp8: eb34c28f22e8b96e1ab97ce403110664 -> 
  custom:framework-osx-AVFoundation: e770b220cccbd017edd2c1fefb359320 -> 
  custom:video-decoder-webm-vp8: 9c59270c3fd7afecdb556c50c9e8de78 -> 
  custom:audio-decoder-ogg-vorbis: bf7c407c2cedff20999df2af8eb42d56 -> 
  custom:audio-encoder-webm-vorbis: bf7c407c2cedff20999df2af8eb42d56 -> 
========================================================================
Received Prepare
Registering precompiled user dll's ...
Registered in 0.001612 seconds.
Begin MonoManager ReloadAssembly
Native extension for OSXStandalone target not found
Refreshing native plugins compatible for Editor in 0.41 ms, found 3 plugins.
Preloading 0 native plugins for Editor in 0.00 ms.
Mono: successfully reloaded assembly
- Completed reload, in  0.952 seconds
Domain Reload Profiling:
	ReloadAssembly (952ms)
		BeginReloadAssembly (103ms)
			ExecutionOrderSort (0ms)
			DisableScriptedObjects (5ms)
			BackupInstance (0ms)
			ReleaseScriptingObjects (0ms)
			CreateAndSetChildDomain (51ms)
		EndReloadAssembly (794ms)
			LoadAssemblies (62ms)
			RebuildTransferFunctionScriptingTraits (0ms)
			SetupTypeCache (299ms)
			ReleaseScriptCaches (1ms)
			RebuildScriptCaches (45ms)
			SetupLoadedEditorAssemblies (282ms)
				LogAssemblyErrors (0ms)
				InitializePlatformSupportModulesInManaged (4ms)
				SetLoadedEditorAssemblies (0ms)
				RefreshPlugins (0ms)
				BeforeProcessingInitializeOnLoad (85ms)
				ProcessInitializeOnLoadAttributes (183ms)
				ProcessInitializeOnLoadMethodAttributes (10ms)
				AfterProcessingInitializeOnLoad (1ms)
				EditorAssembliesLoaded (0ms)
			ExecutionOrderSort2 (0ms)
			AwakeInstancesAfterBackupRestoration (8ms)
Platform modules already initialized, skipping
Refreshing native plugins compatible for Editor in 0.39 ms, found 3 plugins.
Preloading 0 native plugins for Editor in 0.00 ms.
Unloading 2199 Unused Serialized files (Serialized files now loaded: 0)
System memory in use before: 228.8 MB.
System memory in use after: 228.9 MB.

Unloading 23 unused Assets to reduce memory usage. Loaded Objects now: 2784.
Total: 2.396730 ms (FindLiveObjects: 0.157722 ms CreateObjectMapping: 0.080980 ms MarkObjects: 2.072988 ms  DeleteObjects: 0.084412 ms)

AssetImportParameters requested are different than current active one (requested -> active):
  custom:video-decoder-ogg-theora: a1e56fd34408186e4bbccfd4996cb3dc -> 
  custom:container-muxer-webm: aa71ff27fc2769a1b78a27578f13a17b -> 
  custom:container-demuxer-webm: 4f35f7cbe854078d1ac9338744f61a02 -> 
  custom:container-demuxer-ogg: 62fdf1f143b41e24485cea50d1cbac27 -> 
  custom:video-encoder-webm-vp8: eb34c28f22e8b96e1ab97ce403110664 -> 
  custom:framework-osx-AVFoundation: e770b220cccbd017edd2c1fefb359320 -> 
  custom:video-decoder-webm-vp8: 9c59270c3fd7afecdb556c50c9e8de78 -> 
  custom:audio-decoder-ogg-vorbis: bf7c407c2cedff20999df2af8eb42d56 -> 
  custom:audio-encoder-webm-vorbis: bf7c407c2cedff20999df2af8eb42d56 -> 
========================================================================
Received Prepare
Registering precompiled user dll's ...
Registered in 0.001653 seconds.
Begin MonoManager ReloadAssembly
Native extension for OSXStandalone target not found
Refreshing native plugins compatible for Editor in 0.41 ms, found 3 plugins.
Preloading 0 native plugins for Editor in 0.00 ms.
Mono: successfully reloaded assembly
- Completed reload, in  0.940 seconds
Domain Reload Profiling:
	ReloadAssembly (941ms)
		BeginReloadAssembly (102ms)
			ExecutionOrderSort (0ms)
			DisableScriptedObjects (5ms)
			BackupInstance (0ms)
			ReleaseScriptingObjects (0ms)
			CreateAndSetChildDomain (50ms)
		EndReloadAssembly (784ms)
			LoadAssemblies (62ms)
			RebuildTransferFunctionScriptingTraits (0ms)
			SetupTypeCache (297ms)
			ReleaseScriptCaches (1ms)
			RebuildScriptCaches (44ms)
			SetupLoadedEditorAssemblies (277ms)
				LogAssemblyErrors (0ms)
				InitializePlatformSupportModulesInManaged (4ms)
				SetLoadedEditorAssemblies (0ms)
				RefreshPlugins (0ms)
				BeforeProcessingInitializeOnLoad (84ms)
				ProcessInitializeOnLoadAttributes (178ms)
				ProcessInitializeOnLoadMethodAttributes (9ms)
				AfterProcessingInitializeOnLoad (1ms)
				EditorAssembliesLoaded (0ms)
			ExecutionOrderSort2 (0ms)
			AwakeInstancesAfterBackupRestoration (8ms)
Platform modules already initialized, skipping
Refreshing native plugins compatible for Editor in 0.39 ms, found 3 plugins.
Preloading 0 native plugins for Editor in 0.00 ms.
Unloading 2199 Unused Serialized files (Serialized files now loaded: 0)
System memory in use before: 229.0 MB.
System memory in use after: 229.1 MB.

Unloading 23 unused Assets to reduce memory usage. Loaded Objects now: 2786.
Total: 2.403975 ms (FindLiveObjects: 0.154426 ms CreateObjectMapping: 0.078396 ms MarkObjects: 2.083065 ms  DeleteObjects: 0.087565 ms)

AssetImportParameters requested are different than current active one (requested -> active):
  custom:video-decoder-ogg-theora: a1e56fd34408186e4bbccfd4996cb3dc -> 
  custom:container-muxer-webm: aa71ff27fc2769a1b78a27578f13a17b -> 
  custom:container-demuxer-webm: 4f35f7cbe854078d1ac9338744f61a02 -> 
  custom:container-demuxer-ogg: 62fdf1f143b41e24485cea50d1cbac27 -> 
  custom:video-encoder-webm-vp8: eb34c28f22e8b96e1ab97ce403110664 -> 
  custom:framework-osx-AVFoundation: e770b220cccbd017edd2c1fefb359320 -> 
  custom:video-decoder-webm-vp8: 9c59270c3fd7afecdb556c50c9e8de78 -> 
  custom:audio-decoder-ogg-vorbis: bf7c407c2cedff20999df2af8eb42d56 -> 
  custom:audio-encoder-webm-vorbis: bf7c407c2cedff20999df2af8eb42d56 -> 
========================================================================
Received Prepare
Registering precompiled user dll's ...
Registered in 0.001607 seconds.
Begin MonoManager ReloadAssembly
Native extension for OSXStandalone target not found
Refreshing native plugins compatible for Editor in 0.41 ms, found 3 plugins.
Preloading 0 native plugins for Editor in 0.00 ms.
Mono: successfully reloaded assembly
- Completed reload, in  0.944 seconds
Domain Reload Profiling:
	ReloadAssembly (944ms)
		BeginReloadAssembly (102ms)
			ExecutionOrderSort (0ms)
			DisableScriptedObjects (5ms)
			BackupInstance (0ms)
			ReleaseScriptingObjects (0ms)
			CreateAndSetChildDomain (51ms)
		EndReloadAssembly (787ms)
			LoadAssemblies (62ms)
			RebuildTransferFunctionScriptingTraits (0ms)
			SetupTypeCache (297ms)
			ReleaseScriptCaches (1ms)
			RebuildScriptCaches (44ms)
			SetupLoadedEditorAssemblies (279ms)
				LogAssemblyErrors (0ms)
				InitializePlatformSupportModulesInManaged (3ms)
				SetLoadedEditorAssemblies (0ms)
				RefreshPlugins (0ms)
				BeforeProcessingInitializeOnLoad (83ms)
				ProcessInitializeOnLoadAttributes (181ms)
				ProcessInitializeOnLoadMethodAttributes (10ms)
				AfterProcessingInitializeOnLoad (1ms)
				EditorAssembliesLoaded (0ms)
			ExecutionOrderSort2 (0ms)
			AwakeInstancesAfterBackupRestoration (8ms)
Platform modules already initialized, skipping
Refreshing native plugins compatible for Editor in 0.41 ms, found 3 plugins.
Preloading 0 native plugins for Editor in 0.00 ms.
Unloading 2199 Unused Serialized files (Serialized files now loaded: 0)
System memory in use before: 229.2 MB.
System memory in use after: 229.3 MB.

Unloading 23 unused Assets to reduce memory usage. Loaded Objects now: 2788.
Total: 2.399778 ms (FindLiveObjects: 0.159283 ms CreateObjectMapping: 0.077672 ms MarkObjects: 2.074589 ms  DeleteObjects: 0.087742 ms)

AssetImportParameters requested are different than current active one (requested -> active):
  custom:video-decoder-ogg-theora: a1e56fd34408186e4bbccfd4996cb3dc -> 
  custom:container-muxer-webm: aa71ff27fc2769a1b78a27578f13a17b -> 
  custom:container-demuxer-webm: 4f35f7cbe854078d1ac9338744f61a02 -> 
  custom:container-demuxer-ogg: 62fdf1f143b41e24485cea50d1cbac27 -> 
  custom:video-encoder-webm-vp8: eb34c28f22e8b96e1ab97ce403110664 -> 
  custom:framework-osx-AVFoundation: e770b220cccbd017edd2c1fefb359320 -> 
  custom:video-decoder-webm-vp8: 9c59270c3fd7afecdb556c50c9e8de78 -> 
  custom:audio-decoder-ogg-vorbis: bf7c407c2cedff20999df2af8eb42d56 -> 
  custom:audio-encoder-webm-vorbis: bf7c407c2cedff20999df2af8eb42d56 -> 
========================================================================
Received Prepare
Registering precompiled user dll's ...
Registered in 0.001691 seconds.
Begin MonoManager ReloadAssembly
Native extension for OSXStandalone target not found
Refreshing native plugins compatible for Editor in 0.41 ms, found 3 plugins.
Preloading 0 native plugins for Editor in 0.00 ms.
Mono: successfully reloaded assembly
- Completed reload, in  0.948 seconds
Domain Reload Profiling:
	ReloadAssembly (948ms)
		BeginReloadAssembly (104ms)
			ExecutionOrderSort (0ms)
			DisableScriptedObjects (5ms)
			BackupInstance (0ms)
			ReleaseScriptingObjects (0ms)
			CreateAndSetChildDomain (53ms)
		EndReloadAssembly (790ms)
			LoadAssemblies (61ms)
			RebuildTransferFunctionScriptingTraits (0ms)
			SetupTypeCache (298ms)
			ReleaseScriptCaches (1ms)
			RebuildScriptCaches (45ms)
			SetupLoadedEditorAssemblies (278ms)
				LogAssemblyErrors (0ms)
				InitializePlatformSupportModulesInManaged (4ms)
				SetLoadedEditorAssemblies (0ms)
				RefreshPlugins (0ms)
				BeforeProcessingInitializeOnLoad (84ms)
				ProcessInitializeOnLoadAttributes (179ms)
				ProcessInitializeOnLoadMethodAttributes (9ms)
				AfterProcessingInitializeOnLoad (1ms)
				EditorAssembliesLoaded (0ms)
			ExecutionOrderSort2 (0ms)
			AwakeInstancesAfterBackupRestoration (8ms)
Platform modules already initialized, skipping
Refreshing native plugins compatible for Editor in 0.45 ms, found 3 plugins.
Preloading 0 native plugins for Editor in 0.00 ms.
Unloading 2199 Unused Serialized files (Serialized files now loaded: 0)
System memory in use before: 229.4 MB.
System memory in use after: 229.5 MB.

Unloading 23 unused Assets to reduce memory usage. Loaded Objects now: 2790.
Total: 2.612438 ms (FindLiveObjects: 0.191895 ms CreateObjectMapping: 0.093525 ms MarkObjects: 2.231477 ms  DeleteObjects: 0.094701 ms)

AssetImportParameters requested are different than current active one (requested -> active):
  custom:video-decoder-ogg-theora: a1e56fd34408186e4bbccfd4996cb3dc -> 
  custom:container-muxer-webm: aa71ff27fc2769a1b78a27578f13a17b -> 
  custom:container-demuxer-webm: 4f35f7cbe854078d1ac9338744f61a02 -> 
  custom:container-demuxer-ogg: 62fdf1f143b41e24485cea50d1cbac27 -> 
  custom:video-encoder-webm-vp8: eb34c28f22e8b96e1ab97ce403110664 -> 
  custom:framework-osx-AVFoundation: e770b220cccbd017edd2c1fefb359320 -> 
  custom:video-decoder-webm-vp8: 9c59270c3fd7afecdb556c50c9e8de78 -> 
  custom:audio-decoder-ogg-vorbis: bf7c407c2cedff20999df2af8eb42d56 -> 
  custom:audio-encoder-webm-vorbis: bf7c407c2cedff20999df2af8eb42d56 -> 
========================================================================
Received Prepare
Registering precompiled user dll's ...
Registered in 0.001735 seconds.
Begin MonoManager ReloadAssembly
Native extension for OSXStandalone target not found
Refreshing native plugins compatible for Editor in 0.41 ms, found 3 plugins.
Preloading 0 native plugins for Editor in 0.00 ms.
Mono: successfully reloaded assembly
- Completed reload, in  0.953 seconds
Domain Reload Profiling:
	ReloadAssembly (954ms)
		BeginReloadAssembly (106ms)
			ExecutionOrderSort (0ms)
			DisableScriptedObjects (6ms)
			BackupInstance (0ms)
			ReleaseScriptingObjects (0ms)
			CreateAndSetChildDomain (54ms)
		EndReloadAssembly (793ms)
			LoadAssemblies (62ms)
			RebuildTransferFunctionScriptingTraits (0ms)
			SetupTypeCache (296ms)
			ReleaseScriptCaches (1ms)
			RebuildScriptCaches (44ms)
			SetupLoadedEditorAssemblies (279ms)
				LogAssemblyErrors (0ms)
				InitializePlatformSupportModulesInManaged (4ms)
				SetLoadedEditorAssemblies (0ms)
				RefreshPlugins (0ms)
				BeforeProcessingInitializeOnLoad (84ms)
				ProcessInitializeOnLoadAttributes (180ms)
				ProcessInitializeOnLoadMethodAttributes (10ms)
				AfterProcessingInitializeOnLoad (1ms)
				EditorAssembliesLoaded (0ms)
			ExecutionOrderSort2 (0ms)
			AwakeInstancesAfterBackupRestoration (10ms)
Platform modules already initialized, skipping
Refreshing native plugins compatible for Editor in 0.39 ms, found 3 plugins.
Preloading 0 native plugins for Editor in 0.00 ms.
Unloading 2199 Unused Serialized files (Serialized files now loaded: 0)
System memory in use before: 229.6 MB.
System memory in use after: 229.7 MB.

Unloading 23 unused Assets to reduce memory usage. Loaded Objects now: 2792.
Total: 2.388219 ms (FindLiveObjects: 0.152009 ms CreateObjectMapping: 0.073022 ms MarkObjects: 2.080455 ms  DeleteObjects: 0.082144 ms)

AssetImportParameters requested are different than current active one (requested -> active):
  custom:video-decoder-ogg-theora: a1e56fd34408186e4bbccfd4996cb3dc -> 
  custom:container-muxer-webm: aa71ff27fc2769a1b78a27578f13a17b -> 
  custom:container-demuxer-webm: 4f35f7cbe854078d1ac9338744f61a02 -> 
  custom:container-demuxer-ogg: 62fdf1f143b41e24485cea50d1cbac27 -> 
  custom:video-encoder-webm-vp8: eb34c28f22e8b96e1ab97ce403110664 -> 
  custom:framework-osx-AVFoundation: e770b220cccbd017edd2c1fefb359320 -> 
  custom:video-decoder-webm-vp8: 9c59270c3fd7afecdb556c50c9e8de78 -> 
  custom:audio-decoder-ogg-vorbis: bf7c407c2cedff20999df2af8eb42d56 -> 
  custom:audio-encoder-webm-vorbis: bf7c407c2cedff20999df2af8eb42d56 -> 
========================================================================
Received Prepare
Registering precompiled user dll's ...
Registered in 0.001747 seconds.
Begin MonoManager ReloadAssembly
Native extension for OSXStandalone target not found
Refreshing native plugins compatible for Editor in 0.42 ms, found 3 plugins.
Preloading 0 native plugins for Editor in 0.00 ms.
Mono: successfully reloaded assembly
- Completed reload, in  0.955 seconds
Domain Reload Profiling:
	ReloadAssembly (955ms)
		BeginReloadAssembly (108ms)
			ExecutionOrderSort (0ms)
			DisableScriptedObjects (5ms)
			BackupInstance (0ms)
			ReleaseScriptingObjects (0ms)
			CreateAndSetChildDomain (56ms)
		EndReloadAssembly (792ms)
			LoadAssemblies (62ms)
			RebuildTransferFunctionScriptingTraits (0ms)
			SetupTypeCache (300ms)
			ReleaseScriptCaches (1ms)
			RebuildScriptCaches (44ms)
			SetupLoadedEditorAssemblies (280ms)
				LogAssemblyErrors (0ms)
				InitializePlatformSupportModulesInManaged (4ms)
				SetLoadedEditorAssemblies (0ms)
				RefreshPlugins (0ms)
				BeforeProcessingInitializeOnLoad (84ms)
				ProcessInitializeOnLoadAttributes (181ms)
				ProcessInitializeOnLoadMethodAttributes (10ms)
				AfterProcessingInitializeOnLoad (1ms)
				EditorAssembliesLoaded (0ms)
			ExecutionOrderSort2 (0ms)
			AwakeInstancesAfterBackupRestoration (8ms)
Platform modules already initialized, skipping
Refreshing native plugins compatible for Editor in 0.40 ms, found 3 plugins.
Preloading 0 native plugins for Editor in 0.00 ms.
Unloading 2199 Unused Serialized files (Serialized files now loaded: 0)
System memory in use before: 229.8 MB.
System memory in use after: 229.8 MB.

Unloading 23 unused Assets to reduce memory usage. Loaded Objects now: 2794.
Total: 2.421491 ms (FindLiveObjects: 0.161216 ms CreateObjectMapping: 0.076982 ms MarkObjects: 2.095288 ms  DeleteObjects: 0.087438 ms)

AssetImportParameters requested are different than current active one (requested -> active):
  custom:video-decoder-ogg-theora: a1e56fd34408186e4bbccfd4996cb3dc -> 
  custom:container-muxer-webm: aa71ff27fc2769a1b78a27578f13a17b -> 
  custom:container-demuxer-webm: 4f35f7cbe854078d1ac9338744f61a02 -> 
  custom:container-demuxer-ogg: 62fdf1f143b41e24485cea50d1cbac27 -> 
  custom:video-encoder-webm-vp8: eb34c28f22e8b96e1ab97ce403110664 -> 
  custom:framework-osx-AVFoundation: e770b220cccbd017edd2c1fefb359320 -> 
  custom:video-decoder-webm-vp8: 9c59270c3fd7afecdb556c50c9e8de78 -> 
  custom:audio-decoder-ogg-vorbis: bf7c407c2cedff20999df2af8eb42d56 -> 
  custom:audio-encoder-webm-vorbis: bf7c407c2cedff20999df2af8eb42d56 -> 
========================================================================
Received Prepare
Registering precompiled user dll's ...
Registered in 0.001767 seconds.
Begin MonoManager ReloadAssembly
Native extension for OSXStandalone target not found
Refreshing native plugins compatible for Editor in 0.42 ms, found 3 plugins.
Preloading 0 native plugins for Editor in 0.00 ms.
Mono: successfully reloaded assembly
- Completed reload, in  0.950 seconds
Domain Reload Profiling:
	ReloadAssembly (950ms)
		BeginReloadAssembly (104ms)
			ExecutionOrderSort (0ms)
			DisableScriptedObjects (6ms)
			BackupInstance (0ms)
			ReleaseScriptingObjects (0ms)
			CreateAndSetChildDomain (51ms)
		EndReloadAssembly (791ms)
			LoadAssemblies (63ms)
			RebuildTransferFunctionScriptingTraits (0ms)
			SetupTypeCache (298ms)
			ReleaseScriptCaches (1ms)
			RebuildScriptCaches (44ms)
			SetupLoadedEditorAssemblies (280ms)
				LogAssemblyErrors (0ms)
				InitializePlatformSupportModulesInManaged (4ms)
				SetLoadedEditorAssemblies (0ms)
				RefreshPlugins (0ms)
				BeforeProcessingInitializeOnLoad (84ms)
				ProcessInitializeOnLoadAttributes (181ms)
				ProcessInitializeOnLoadMethodAttributes (10ms)
				AfterProcessingInitializeOnLoad (1ms)
				EditorAssembliesLoaded (0ms)
			ExecutionOrderSort2 (0ms)
			AwakeInstancesAfterBackupRestoration (8ms)
Platform modules already initialized, skipping
Refreshing native plugins compatible for Editor in 0.40 ms, found 3 plugins.
Preloading 0 native plugins for Editor in 0.00 ms.
Unloading 2199 Unused Serialized files (Serialized files now loaded: 0)
System memory in use before: 229.9 MB.
System memory in use after: 230.0 MB.

Unloading 23 unused Assets to reduce memory usage. Loaded Objects now: 2796.
Total: 2.419131 ms (FindLiveObjects: 0.155465 ms CreateObjectMapping: 0.077545 ms MarkObjects: 2.100633 ms  DeleteObjects: 0.084863 ms)

AssetImportParameters requested are different than current active one (requested -> active):
  custom:video-decoder-ogg-theora: a1e56fd34408186e4bbccfd4996cb3dc -> 
  custom:container-muxer-webm: aa71ff27fc2769a1b78a27578f13a17b -> 
  custom:container-demuxer-webm: 4f35f7cbe854078d1ac9338744f61a02 -> 
  custom:container-demuxer-ogg: 62fdf1f143b41e24485cea50d1cbac27 -> 
  custom:video-encoder-webm-vp8: eb34c28f22e8b96e1ab97ce403110664 -> 
  custom:framework-osx-AVFoundation: e770b220cccbd017edd2c1fefb359320 -> 
  custom:video-decoder-webm-vp8: 9c59270c3fd7afecdb556c50c9e8de78 -> 
  custom:audio-decoder-ogg-vorbis: bf7c407c2cedff20999df2af8eb42d56 -> 
  custom:audio-encoder-webm-vorbis: bf7c407c2cedff20999df2af8eb42d56 -> 
========================================================================
Received Prepare
Registering precompiled user dll's ...
Registered in 0.001732 seconds.
Begin MonoManager ReloadAssembly
Native extension for OSXStandalone target not found
Refreshing native plugins compatible for Editor in 0.41 ms, found 3 plugins.
Preloading 0 native plugins for Editor in 0.00 ms.
Mono: successfully reloaded assembly
- Completed reload, in  0.949 seconds
Domain Reload Profiling:
	ReloadAssembly (949ms)
		BeginReloadAssembly (112ms)
			ExecutionOrderSort (0ms)
			DisableScriptedObjects (6ms)
			BackupInstance (0ms)
			ReleaseScriptingObjects (0ms)
			CreateAndSetChildDomain (60ms)
		EndReloadAssembly (783ms)
			LoadAssemblies (62ms)
			RebuildTransferFunctionScriptingTraits (0ms)
			SetupTypeCache (296ms)
			ReleaseScriptCaches (1ms)
			RebuildScriptCaches (43ms)
			SetupLoadedEditorAssemblies (277ms)
				LogAssemblyErrors (0ms)
				InitializePlatformSupportModulesInManaged (4ms)
				SetLoadedEditorAssemblies (0ms)
				RefreshPlugins (0ms)
				BeforeProcessingInitializeOnLoad (84ms)
				ProcessInitializeOnLoadAttributes (178ms)
				ProcessInitializeOnLoadMethodAttributes (9ms)
				AfterProcessingInitializeOnLoad (1ms)
				EditorAssembliesLoaded (0ms)
			ExecutionOrderSort2 (0ms)
			AwakeInstancesAfterBackupRestoration (8ms)
Platform modules already initialized, skipping
Refreshing native plugins compatible for Editor in 0.40 ms, found 3 plugins.
Preloading 0 native plugins for Editor in 0.00 ms.
Unloading 2199 Unused Serialized files (Serialized files now loaded: 0)
System memory in use before: 230.1 MB.
System memory in use after: 230.2 MB.

Unloading 23 unused Assets to reduce memory usage. Loaded Objects now: 2798.
Total: 2.400784 ms (FindLiveObjects: 0.153411 ms CreateObjectMapping: 0.077924 ms MarkObjects: 2.084853 ms  DeleteObjects: 0.084009 ms)

AssetImportParameters requested are different than current active one (requested -> active):
  custom:video-decoder-ogg-theora: a1e56fd34408186e4bbccfd4996cb3dc -> 
  custom:container-muxer-webm: aa71ff27fc2769a1b78a27578f13a17b -> 
  custom:container-demuxer-webm: 4f35f7cbe854078d1ac9338744f61a02 -> 
  custom:container-demuxer-ogg: 62fdf1f143b41e24485cea50d1cbac27 -> 
  custom:video-encoder-webm-vp8: eb34c28f22e8b96e1ab97ce403110664 -> 
  custom:framework-osx-AVFoundation: e770b220cccbd017edd2c1fefb359320 -> 
  custom:video-decoder-webm-vp8: 9c59270c3fd7afecdb556c50c9e8de78 -> 
  custom:audio-decoder-ogg-vorbis: bf7c407c2cedff20999df2af8eb42d56 -> 
  custom:audio-encoder-webm-vorbis: bf7c407c2cedff20999df2af8eb42d56 -> 
========================================================================
Received Prepare
Registering precompiled user dll's ...
Registered in 0.001663 seconds.
Begin MonoManager ReloadAssembly
Native extension for OSXStandalone target not found
Refreshing native plugins compatible for Editor in 0.41 ms, found 3 plugins.
Preloading 0 native plugins for Editor in 0.00 ms.
Mono: successfully reloaded assembly
- Completed reload, in  0.959 seconds
Domain Reload Profiling:
	ReloadAssembly (959ms)
		BeginReloadAssembly (120ms)
			ExecutionOrderSort (0ms)
			DisableScriptedObjects (6ms)
			BackupInstance (0ms)
			ReleaseScriptingObjects (0ms)
			CreateAndSetChildDomain (69ms)
		EndReloadAssembly (785ms)
			LoadAssemblies (61ms)
			RebuildTransferFunctionScriptingTraits (0ms)
			SetupTypeCache (295ms)
			ReleaseScriptCaches (1ms)
			RebuildScriptCaches (44ms)
			SetupLoadedEditorAssemblies (280ms)
				LogAssemblyErrors (0ms)
				InitializePlatformSupportModulesInManaged (3ms)
				SetLoadedEditorAssemblies (0ms)
				RefreshPlugins (0ms)
				BeforeProcessingInitializeOnLoad (83ms)
				ProcessInitializeOnLoadAttributes (182ms)
				ProcessInitializeOnLoadMethodAttributes (10ms)
				AfterProcessingInitializeOnLoad (1ms)
				EditorAssembliesLoaded (0ms)
			ExecutionOrderSort2 (0ms)
			AwakeInstancesAfterBackupRestoration (8ms)
Platform modules already initialized, skipping
Refreshing native plugins compatible for Editor in 0.40 ms, found 3 plugins.
Preloading 0 native plugins for Editor in 0.00 ms.
Unloading 2199 Unused Serialized files (Serialized files now loaded: 0)
System memory in use before: 230.3 MB.
System memory in use after: 230.4 MB.

Unloading 23 unused Assets to reduce memory usage. Loaded Objects now: 2800.
Total: 2.484817 ms (FindLiveObjects: 0.157058 ms CreateObjectMapping: 0.080841 ms MarkObjects: 2.159514 ms  DeleteObjects: 0.086808 ms)

AssetImportParameters requested are different than current active one (requested -> active):
  custom:video-decoder-ogg-theora: a1e56fd34408186e4bbccfd4996cb3dc -> 
  custom:container-muxer-webm: aa71ff27fc2769a1b78a27578f13a17b -> 
  custom:container-demuxer-webm: 4f35f7cbe854078d1ac9338744f61a02 -> 
  custom:container-demuxer-ogg: 62fdf1f143b41e24485cea50d1cbac27 -> 
  custom:video-encoder-webm-vp8: eb34c28f22e8b96e1ab97ce403110664 -> 
  custom:framework-osx-AVFoundation: e770b220cccbd017edd2c1fefb359320 -> 
  custom:video-decoder-webm-vp8: 9c59270c3fd7afecdb556c50c9e8de78 -> 
  custom:audio-decoder-ogg-vorbis: bf7c407c2cedff20999df2af8eb42d56 -> 
  custom:audio-encoder-webm-vorbis: bf7c407c2cedff20999df2af8eb42d56 -> 
========================================================================
Received Import Request.
  Time since last request: 922.434952 seconds.
  path: Assets/Underwater Diving/Art/Sprites/FX/bubbles.png
  artifactKey: Guid(335f2ab2a4f924e1fb91ef23447dd6d7) Importer(815301076,1909f56bfc062723c751e8b465ee728b)
Start importing Assets/Underwater Diving/Art/Sprites/FX/bubbles.png using Guid(335f2ab2a4f924e1fb91ef23447dd6d7) Importer(815301076,1909f56bfc062723c751e8b465ee728b)  -> (artifact id: 'e157df2cb69872b1fba2bed59cf283a0') in 0.042300 seconds 
  Import took 0.045349 seconds .

========================================================================
Received Import Request.
  Time since last request: 0.000142 seconds.
  path: Assets/Underwater Diving/Art/Sprites/FX/enemy-death.png
  artifactKey: Guid(43f4268547ba04fdda3b1176be707940) Importer(815301076,1909f56bfc062723c751e8b465ee728b)
Start importing Assets/Underwater Diving/Art/Sprites/FX/enemy-death.png using Guid(43f4268547ba04fdda3b1176be707940) Importer(815301076,1909f56bfc062723c751e8b465ee728b)  -> (artifact id: '0889cbb731fba75713e9314b26156415') in 0.017513 seconds 
  Import took 0.019935 seconds .

========================================================================
Received Import Request.
  Time since last request: 0.000149 seconds.
  path: Assets/Underwater Diving/Art/Sprites/FX/explosion.png
  artifactKey: Guid(e4f4d3ea7dbcb4af583c1e61d0c58eee) Importer(815301076,1909f56bfc062723c751e8b465ee728b)
Start importing Assets/Underwater Diving/Art/Sprites/FX/explosion.png using Guid(e4f4d3ea7dbcb4af583c1e61d0c58eee) Importer(815301076,1909f56bfc062723c751e8b465ee728b)  -> (artifact id: '71516ca507d202e8a87af685011be438') in 0.026860 seconds 
  Import took 0.029354 seconds .

========================================================================
Received Import Request.
  Time since last request: 0.000150 seconds.
  path: Assets/Underwater Diving/Art/Sprites/FX/explosion-small.png
  artifactKey: Guid(980e8a018c1864d8b9933fb16ea2aebc) Importer(815301076,1909f56bfc062723c751e8b465ee728b)
Start importing Assets/Underwater Diving/Art/Sprites/FX/explosion-small.png using Guid(980e8a018c1864d8b9933fb16ea2aebc) Importer(815301076,1909f56bfc062723c751e8b465ee728b)  -> (artifact id: 'f349f632a8137ebbbab97a8b93542236') in 0.022893 seconds 
  Import took 0.025424 seconds .

========================================================================
Received Import Request.
  Time since last request: 0.000162 seconds.
  path: Assets/Underwater Diving/Art/Sprites/FX/explosion-big.png
  artifactKey: Guid(96969f1ff959648bfa4756c1ce7fc7b8) Importer(815301076,1909f56bfc062723c751e8b465ee728b)
Start importing Assets/Underwater Diving/Art/Sprites/FX/explosion-big.png using Guid(96969f1ff959648bfa4756c1ce7fc7b8) Importer(815301076,1909f56bfc062723c751e8b465ee728b)  -> (artifact id: 'c509439aa65732a17cb566fc81932ec9') in 0.033421 seconds 
  Import took 0.035991 seconds .

========================================================================
Received Import Request.
  Time since last request: 0.962913 seconds.
  path: Assets/Underwater Diving/Art/Sprites/player/player-fast.png
  artifactKey: Guid(b00cb22abfd854a7999ea0629224f14b) Importer(815301076,1909f56bfc062723c751e8b465ee728b)
Start importing Assets/Underwater Diving/Art/Sprites/player/player-fast.png using Guid(b00cb22abfd854a7999ea0629224f14b) Importer(815301076,1909f56bfc062723c751e8b465ee728b)  -> (artifact id: '7c3add7c06b1d89d70aff2fd4f7d6485') in 0.022794 seconds 
  Import took 0.026064 seconds .

========================================================================
Received Import Request.
  Time since last request: 0.000196 seconds.
  path: Assets/Underwater Diving/Art/Sprites/player/player-rush.png
  artifactKey: Guid(99a222ddcff1a40afb57de817e1bf2c0) Importer(815301076,1909f56bfc062723c751e8b465ee728b)
Start importing Assets/Underwater Diving/Art/Sprites/player/player-rush.png using Guid(99a222ddcff1a40afb57de817e1bf2c0) Importer(815301076,1909f56bfc062723c751e8b465ee728b)  -> (artifact id: '2bba5740150c673916466c5cebdb4677') in 0.030421 seconds 
  Import took 0.033870 seconds .

========================================================================
Received Import Request.
  Time since last request: 0.000195 seconds.
  path: Assets/Underwater Diving/Art/Sprites/player/player-idle.png
  artifactKey: Guid(cc81d60d5750149f784ac74b91286ec5) Importer(815301076,1909f56bfc062723c751e8b465ee728b)
Start importing Assets/Underwater Diving/Art/Sprites/player/player-idle.png using Guid(cc81d60d5750149f784ac74b91286ec5) Importer(815301076,1909f56bfc062723c751e8b465ee728b)  -> (artifact id: '5ee8ce60646f3cad29eaa0c3a17ea175') in 0.023053 seconds 
  Import took 0.026214 seconds .

========================================================================
Received Import Request.
  Time since last request: 0.000162 seconds.
  path: Assets/Underwater Diving/Art/Sprites/player/player-swiming.png
  artifactKey: Guid(612000f6e71e04e39b891295d3ea9098) Importer(815301076,1909f56bfc062723c751e8b465ee728b)
Start importing Assets/Underwater Diving/Art/Sprites/player/player-swiming.png using Guid(612000f6e71e04e39b891295d3ea9098) Importer(815301076,1909f56bfc062723c751e8b465ee728b)  -> (artifact id: 'a30fcc30211cb7f8389fda536562ceba') in 0.019591 seconds 
  Import took 0.022140 seconds .

========================================================================
Received Import Request.
  Time since last request: 0.000146 seconds.
  path: Assets/Underwater Diving/Art/Sprites/player/player-hurt.png
  artifactKey: Guid(c0c85337645e24f78a05f473dacfe244) Importer(815301076,1909f56bfc062723c751e8b465ee728b)
Start importing Assets/Underwater Diving/Art/Sprites/player/player-hurt.png using Guid(c0c85337645e24f78a05f473dacfe244) Importer(815301076,1909f56bfc062723c751e8b465ee728b)  -> (artifact id: '65ed9f7b7f4a365d91a8ffd89b92b169') in 0.016095 seconds 
  Import took 0.018510 seconds .

========================================================================
Received Prepare
Registering precompiled user dll's ...
Registered in 0.001727 seconds.
Begin MonoManager ReloadAssembly
Native extension for OSXStandalone target not found
Refreshing native plugins compatible for Editor in 0.40 ms, found 3 plugins.
Preloading 0 native plugins for Editor in 0.00 ms.
Mono: successfully reloaded assembly
- Completed reload, in  0.957 seconds
Domain Reload Profiling:
	ReloadAssembly (957ms)
		BeginReloadAssembly (104ms)
			ExecutionOrderSort (0ms)
			DisableScriptedObjects (5ms)
			BackupInstance (0ms)
			ReleaseScriptingObjects (0ms)
			CreateAndSetChildDomain (53ms)
		EndReloadAssembly (798ms)
			LoadAssemblies (63ms)
			RebuildTransferFunctionScriptingTraits (0ms)
			SetupTypeCache (305ms)
			ReleaseScriptCaches (1ms)
			RebuildScriptCaches (44ms)
			SetupLoadedEditorAssemblies (280ms)
				LogAssemblyErrors (0ms)
				InitializePlatformSupportModulesInManaged (3ms)
				SetLoadedEditorAssemblies (0ms)
				RefreshPlugins (0ms)
				BeforeProcessingInitializeOnLoad (83ms)
				ProcessInitializeOnLoadAttributes (182ms)
				ProcessInitializeOnLoadMethodAttributes (10ms)
				AfterProcessingInitializeOnLoad (1ms)
				EditorAssembliesLoaded (0ms)
			ExecutionOrderSort2 (0ms)
			AwakeInstancesAfterBackupRestoration (8ms)
Platform modules already initialized, skipping
Refreshing native plugins compatible for Editor in 0.37 ms, found 3 plugins.
Preloading 0 native plugins for Editor in 0.00 ms.
Unloading 2199 Unused Serialized files (Serialized files now loaded: 0)
System memory in use before: 230.6 MB.
System memory in use after: 230.7 MB.

Unloading 23 unused Assets to reduce memory usage. Loaded Objects now: 2822.
Total: 2.379781 ms (FindLiveObjects: 0.158270 ms CreateObjectMapping: 0.078484 ms MarkObjects: 2.060912 ms  DeleteObjects: 0.081512 ms)

AssetImportParameters requested are different than current active one (requested -> active):
  custom:video-decoder-ogg-theora: a1e56fd34408186e4bbccfd4996cb3dc -> 
  custom:container-muxer-webm: aa71ff27fc2769a1b78a27578f13a17b -> 
  custom:container-demuxer-webm: 4f35f7cbe854078d1ac9338744f61a02 -> 
  custom:container-demuxer-ogg: 62fdf1f143b41e24485cea50d1cbac27 -> 
  custom:video-encoder-webm-vp8: eb34c28f22e8b96e1ab97ce403110664 -> 
  custom:framework-osx-AVFoundation: e770b220cccbd017edd2c1fefb359320 -> 
  custom:video-decoder-webm-vp8: 9c59270c3fd7afecdb556c50c9e8de78 -> 
  custom:audio-decoder-ogg-vorbis: bf7c407c2cedff20999df2af8eb42d56 -> 
  custom:audio-encoder-webm-vorbis: bf7c407c2cedff20999df2af8eb42d56 -> 
========================================================================
Received Import Request.
  Time since last request: 82.894227 seconds.
  path: Assets/Underwater Diving/Art/environment
  artifactKey: Guid(cb65a2e35da154aeaa9332243577cb6c) Importer(815301076,1909f56bfc062723c751e8b465ee728b)
Start importing Assets/Underwater Diving/Art/environment using Guid(cb65a2e35da154aeaa9332243577cb6c) Importer(815301076,1909f56bfc062723c751e8b465ee728b)  -> (artifact id: '2b8318e5b9f5023317d4af012b416f7c') in 0.003267 seconds 
  Import took 0.006154 seconds .

========================================================================
Received Import Request.
  Time since last request: 359.998285 seconds.
  path: Assets/Underwater Diving/Art/environment/Default.prefab
  artifactKey: Guid(ef3624c528cda459fb1ed051a502247d) Importer(815301076,1909f56bfc062723c751e8b465ee728b)
Start importing Assets/Underwater Diving/Art/environment/Default.prefab using Guid(ef3624c528cda459fb1ed051a502247d) Importer(815301076,1909f56bfc062723c751e8b465ee728b)  -> (artifact id: 'f1ac3f5c334995a4157b60a6e973e960') in 0.041132 seconds 
  Import took 0.044001 seconds .

========================================================================
Received Import Request.
  Time since last request: 273.431295 seconds.
  path: Assets/MINE/Art/sheet.png
  artifactKey: Guid(7db53e7dfe5714ac191bf1af11e11179) Importer(815301076,1909f56bfc062723c751e8b465ee728b)
Start importing Assets/MINE/Art/sheet.png using Guid(7db53e7dfe5714ac191bf1af11e11179) Importer(815301076,1909f56bfc062723c751e8b465ee728b)  -> (artifact id: '4016db8d44148b8aca24500894423b5c') in 0.019848 seconds 
  Import took 0.022657 seconds .

========================================================================
Received Import Request.
  Time since last request: 91.109750 seconds.
  path: Assets/MINE/Art/sheet.png
  artifactKey: Guid(7db53e7dfe5714ac191bf1af11e11179) Importer(815301076,1909f56bfc062723c751e8b465ee728b)
Start importing Assets/MINE/Art/sheet.png using Guid(7db53e7dfe5714ac191bf1af11e11179) Importer(815301076,1909f56bfc062723c751e8b465ee728b)  -> (artifact id: '88af6d36a34b6a7e1cfd43f53876f2e1') in 0.009190 seconds 
  Import took 0.012131 seconds .

========================================================================
Received Import Request.
  Time since last request: 37.996553 seconds.
  path: Assets/MINE/Art/sheet.png
  artifactKey: Guid(7db53e7dfe5714ac191bf1af11e11179) Importer(815301076,1909f56bfc062723c751e8b465ee728b)
Start importing Assets/MINE/Art/sheet.png using Guid(7db53e7dfe5714ac191bf1af11e11179) Importer(815301076,1909f56bfc062723c751e8b465ee728b)  -> (artifact id: '1ef4a0f5ef2f5467676005ecfcb1ea22') in 0.008235 seconds 
  Import took 0.011157 seconds .

========================================================================
Received Import Request.
  Time since last request: 50.800365 seconds.
  path: Assets/MINE/Art/sheet.png
  artifactKey: Guid(7db53e7dfe5714ac191bf1af11e11179) Importer(815301076,1909f56bfc062723c751e8b465ee728b)
Start importing Assets/MINE/Art/sheet.png using Guid(7db53e7dfe5714ac191bf1af11e11179) Importer(815301076,1909f56bfc062723c751e8b465ee728b)  -> (artifact id: '694db750d9b7cbd83f5763183a16fd76') in 0.009310 seconds 
  Import took 0.012187 seconds .

========================================================================
Received Import Request.
  Time since last request: 8.463080 seconds.
  path: Assets/MINE/Art/sheet.png
  artifactKey: Guid(7db53e7dfe5714ac191bf1af11e11179) Importer(815301076,1909f56bfc062723c751e8b465ee728b)
Start importing Assets/MINE/Art/sheet.png using Guid(7db53e7dfe5714ac191bf1af11e11179) Importer(815301076,1909f56bfc062723c751e8b465ee728b)  -> (artifact id: '4e1319570af8c7d185148602215bf11a') in 0.009186 seconds 
  Import took 0.012084 seconds .

========================================================================
Received Import Request.
  Time since last request: 22.656882 seconds.
  path: Assets/MINE/Art/sheet.png
  artifactKey: Guid(7db53e7dfe5714ac191bf1af11e11179) Importer(815301076,1909f56bfc062723c751e8b465ee728b)
Start importing Assets/MINE/Art/sheet.png using Guid(7db53e7dfe5714ac191bf1af11e11179) Importer(815301076,1909f56bfc062723c751e8b465ee728b)  -> (artifact id: '8565e7a934ad96f0e86ffbfcad15d2b8') in 0.009018 seconds 
  Import took 0.011912 seconds .

========================================================================
Received Import Request.
  Time since last request: 145.696819 seconds.
  path: Assets/MINE/Art/sheet.png
  artifactKey: Guid(7db53e7dfe5714ac191bf1af11e11179) Importer(815301076,1909f56bfc062723c751e8b465ee728b)
Start importing Assets/MINE/Art/sheet.png using Guid(7db53e7dfe5714ac191bf1af11e11179) Importer(815301076,1909f56bfc062723c751e8b465ee728b)  -> (artifact id: '7713654916871f9fb249a4b8cefe14ab') in 0.005970 seconds 
  Import took 0.008787 seconds .

========================================================================
Received Import Request.
  Time since last request: 87.192092 seconds.
  path: Assets/MINE/Art/sheet.png
  artifactKey: Guid(7db53e7dfe5714ac191bf1af11e11179) Importer(815301076,1909f56bfc062723c751e8b465ee728b)
Start importing Assets/MINE/Art/sheet.png using Guid(7db53e7dfe5714ac191bf1af11e11179) Importer(815301076,1909f56bfc062723c751e8b465ee728b)  -> (artifact id: 'efd35da9ea34419f1e02b406addfce8d') in 0.279571 seconds 
  Import took 0.283346 seconds .

========================================================================
Received Import Request.
  Time since last request: 138.627853 seconds.
  path: Assets/MINE/Art/Tiles
  artifactKey: Guid(950b30d5698c64ae38e4202d3d971e83) Importer(815301076,1909f56bfc062723c751e8b465ee728b)
Start importing Assets/MINE/Art/Tiles using Guid(950b30d5698c64ae38e4202d3d971e83) Importer(815301076,1909f56bfc062723c751e8b465ee728b)  -> (artifact id: 'f4268e636ddfab08bd57421c75d448b3') in 0.001727 seconds 
  Import took 0.004556 seconds .

========================================================================
Received Import Request.
  Time since last request: 61.697695 seconds.
  path: Assets/MINE/Art/sheet_0.controller
  artifactKey: Guid(51d7c89d5e0d3476c9cf88a56bfcf902) Importer(815301076,1909f56bfc062723c751e8b465ee728b)
Start importing Assets/MINE/Art/sheet_0.controller using Guid(51d7c89d5e0d3476c9cf88a56bfcf902) Importer(815301076,1909f56bfc062723c751e8b465ee728b)  -> (artifact id: '3421266f6c51226c7b4052614f519a3a') in 0.115079 seconds 
  Import took 0.119557 seconds .

========================================================================
Received Import Request.
  Time since last request: 2.121485 seconds.
  path: Assets/MINE/Art/Tiles.anim
  artifactKey: Guid(1ca10b080022a48ab83fc90efd03e0d4) Importer(815301076,1909f56bfc062723c751e8b465ee728b)
Start importing Assets/MINE/Art/Tiles.anim using Guid(1ca10b080022a48ab83fc90efd03e0d4) Importer(815301076,1909f56bfc062723c751e8b465ee728b)  -> (artifact id: 'dc053b04355bdafb55040f5ff2ec6e50') in 0.115437 seconds 
  Import took 0.119993 seconds .

========================================================================
Received Import Request.
  Time since last request: 257.666342 seconds.
  path: Assets/MINE/Art/sheet.png
  artifactKey: Guid(7db53e7dfe5714ac191bf1af11e11179) Importer(815301076,1909f56bfc062723c751e8b465ee728b)
Start importing Assets/MINE/Art/sheet.png using Guid(7db53e7dfe5714ac191bf1af11e11179) Importer(815301076,1909f56bfc062723c751e8b465ee728b)  -> (artifact id: 'ee8960dabab8e8a42f13b28f55cfec44') in 0.459032 seconds 
  Import took 0.463670 seconds .

========================================================================
Received Import Request.
  Time since last request: 179.153298 seconds.
  path: Assets/MINE/Art/Default.prefab
  artifactKey: Guid(0cca951c5ad0145c398a3ae856e13623) Importer(815301076,1909f56bfc062723c751e8b465ee728b)
Start importing Assets/MINE/Art/Default.prefab using Guid(0cca951c5ad0145c398a3ae856e13623) Importer(815301076,1909f56bfc062723c751e8b465ee728b)  -> (artifact id: '2314b46dfbbc6d434890a4a4be2a30dd') in 0.008477 seconds 
  Import took 0.011269 seconds .

========================================================================
Received Import Request.
  Time since last request: 19.042846 seconds.
  path: Assets/MINE/Art/Default.prefab
  artifactKey: Guid(0cca951c5ad0145c398a3ae856e13623) Importer(815301076,1909f56bfc062723c751e8b465ee728b)
Start importing Assets/MINE/Art/Default.prefab using Guid(0cca951c5ad0145c398a3ae856e13623) Importer(815301076,1909f56bfc062723c751e8b465ee728b)  -> (artifact id: 'be7f9f1fddd2914c7f554fa2247d0188') in 0.044015 seconds 
  Import took 0.048674 seconds .

========================================================================
Received Import Request.
  Time since last request: 98.563373 seconds.
  path: Assets/MINE/Art/sheet.png
  artifactKey: Guid(7db53e7dfe5714ac191bf1af11e11179) Importer(815301076,1909f56bfc062723c751e8b465ee728b)
Start importing Assets/MINE/Art/sheet.png using Guid(7db53e7dfe5714ac191bf1af11e11179) Importer(815301076,1909f56bfc062723c751e8b465ee728b)  -> (artifact id: '84b195e9475d6a3a1d77f82f2a885c8d') in 0.492176 seconds 
  Import took 0.496873 seconds .

AssetImportWorkerClient::OnTransportError - code=2 error=End of file
